mode: set
github.com/vic-sdd/vic/internal/output/output.go:43.59,45.2 1 1
github.com/vic-sdd/vic/internal/output/output.go:48.47,49.18 1 1
github.com/vic-sdd/vic/internal/output/output.go:50.18,51.29 1 1
github.com/vic-sdd/vic/internal/output/output.go:52.18,53.29 1 0
github.com/vic-sdd/vic/internal/output/output.go:54.10,55.30 1 1
github.com/vic-sdd/vic/internal/output/output.go:59.51,63.2 3 1
github.com/vic-sdd/vic/internal/output/output.go:65.51,66.20 1 0
github.com/vic-sdd/vic/internal/output/output.go:66.20,68.27 2 0
github.com/vic-sdd/vic/internal/output/output.go:68.27,70.4 1 0
github.com/vic-sdd/vic/internal/output/output.go:71.8,73.35 2 0
github.com/vic-sdd/vic/internal/output/output.go:73.35,75.20 2 0
github.com/vic-sdd/vic/internal/output/output.go:75.20,77.5 1 0
github.com/vic-sdd/vic/internal/output/output.go:80.2,80.12 1 0
github.com/vic-sdd/vic/internal/output/output.go:83.52,84.20 1 1
github.com/vic-sdd/vic/internal/output/output.go:84.20,85.27 1 1
github.com/vic-sdd/vic/internal/output/output.go:85.27,87.4 1 1
github.com/vic-sdd/vic/internal/output/output.go:88.3,88.37 1 1
github.com/vic-sdd/vic/internal/output/output.go:88.37,90.4 1 0
github.com/vic-sdd/vic/internal/output/output.go:91.8,92.35 1 1
github.com/vic-sdd/vic/internal/output/output.go:92.35,94.20 2 1
github.com/vic-sdd/vic/internal/output/output.go:94.20,96.5 1 1
github.com/vic-sdd/vic/internal/output/output.go:99.2,99.12 1 1
github.com/vic-sdd/vic/internal/output/output.go:103.59,108.19 2 1
github.com/vic-sdd/vic/internal/output/output.go:108.19,110.3 1 1
github.com/vic-sdd/vic/internal/output/output.go:111.2,111.10 1 1
github.com/vic-sdd/vic/internal/output/output.go:115.57,120.19 2 1
github.com/vic-sdd/vic/internal/output/output.go:120.19,122.3 1 1
github.com/vic-sdd/vic/internal/output/output.go:123.2,123.10 1 1
github.com/vic-sdd/vic/internal/output/output.go:127.53,130.2 2 1
github.com/vic-sdd/vic/internal/output/output.go:133.52,136.2 2 0
github.com/vic-sdd/vic/internal/output/output.go:139.35,140.11 1 1
github.com/vic-sdd/vic/internal/output/output.go:141.14,142.20 1 1
github.com/vic-sdd/vic/internal/output/output.go:143.14,144.20 1 1
github.com/vic-sdd/vic/internal/output/output.go:145.10,146.21 1 1
github.com/vic-sdd/vic/internal/embedding/embedder.go:26.30,34.2 1 0
github.com/vic-sdd/vic/internal/embedding/embedder.go:37.39,40.16 2 0
github.com/vic-sdd/vic/internal/embedding/embedder.go:40.16,42.3 1 0
github.com/vic-sdd/vic/internal/embedding/embedder.go:44.2,45.16 2 0
github.com/vic-sdd/vic/internal/embedding/embedder.go:45.16,47.3 1 0
github.com/vic-sdd/vic/internal/embedding/embedder.go:48.2,50.38 2 0
github.com/vic-sdd/vic/internal/embedding/embedder.go:50.38,52.3 1 0
github.com/vic-sdd/vic/internal/embedding/embedder.go:55.2,56.16 2 0
github.com/vic-sdd/vic/internal/embedding/embedder.go:56.16,58.3 1 0
github.com/vic-sdd/vic/internal/embedding/embedder.go:60.2,65.52 2 0
github.com/vic-sdd/vic/internal/embedding/embedder.go:65.52,67.3 1 0
github.com/vic-sdd/vic/internal/embedding/embedder.go:69.2,69.32 1 0
github.com/vic-sdd/vic/internal/embedding/embedder.go:69.32,72.55 1 0
github.com/vic-sdd/vic/internal/embedding/embedder.go:72.55,74.4 1 0
github.com/vic-sdd/vic/internal/embedding/embedder.go:76.2,76.14 1 0
github.com/vic-sdd/vic/internal/embedding/embedder.go:80.64,88.16 3 0
github.com/vic-sdd/vic/internal/embedding/embedder.go:88.16,90.3 1 0
github.com/vic-sdd/vic/internal/embedding/embedder.go:92.2,93.52 2 0
github.com/vic-sdd/vic/internal/embedding/embedder.go:93.52,95.3 1 0
github.com/vic-sdd/vic/internal/embedding/embedder.go:97.2,97.28 1 0
github.com/vic-sdd/vic/internal/embedding/embedder.go:101.63,103.29 2 0
github.com/vic-sdd/vic/internal/embedding/embedder.go:103.29,105.17 2 0
github.com/vic-sdd/vic/internal/embedding/embedder.go:105.17,107.4 1 0
github.com/vic-sdd/vic/internal/embedding/embedder.go:108.3,108.33 1 0
github.com/vic-sdd/vic/internal/embedding/embedder.go:110.2,110.21 1 0
github.com/vic-sdd/vic/internal/embedding/embedder.go:113.78,115.16 2 0
github.com/vic-sdd/vic/internal/embedding/embedder.go:115.16,117.3 1 0
github.com/vic-sdd/vic/internal/embedding/embedder.go:119.2,120.16 2 0
github.com/vic-sdd/vic/internal/embedding/embedder.go:120.16,122.3 1 0
github.com/vic-sdd/vic/internal/embedding/embedder.go:123.2,126.16 3 0
github.com/vic-sdd/vic/internal/embedding/embedder.go:126.16,128.3 1 0
github.com/vic-sdd/vic/internal/embedding/embedder.go:129.2,131.38 2 0
github.com/vic-sdd/vic/internal/embedding/embedder.go:131.38,134.3 2 0
github.com/vic-sdd/vic/internal/embedding/embedder.go:136.2,137.16 2 0
github.com/vic-sdd/vic/internal/embedding/embedder.go:137.16,139.3 1 0
github.com/vic-sdd/vic/internal/embedding/embedder.go:141.2,141.22 1 0
github.com/vic-sdd/vic/internal/embedding/store.go:31.47,33.47 2 1
github.com/vic-sdd/vic/internal/embedding/store.go:33.47,35.3 1 0
github.com/vic-sdd/vic/internal/embedding/store.go:37.2,38.16 2 1
github.com/vic-sdd/vic/internal/embedding/store.go:38.16,40.3 1 0
github.com/vic-sdd/vic/internal/embedding/store.go:42.2,43.43 2 1
github.com/vic-sdd/vic/internal/embedding/store.go:43.43,46.3 2 0
github.com/vic-sdd/vic/internal/embedding/store.go:48.2,48.19 1 1
github.com/vic-sdd/vic/internal/embedding/store.go:52.31,54.2 1 1
github.com/vic-sdd/vic/internal/embedding/store.go:56.36,81.2 3 1
github.com/vic-sdd/vic/internal/embedding/store.go:84.81,85.33 1 0
github.com/vic-sdd/vic/internal/embedding/store.go:85.33,87.3 1 0
github.com/vic-sdd/vic/internal/embedding/store.go:89.2,90.16 2 0
github.com/vic-sdd/vic/internal/embedding/store.go:90.16,92.3 1 0
github.com/vic-sdd/vic/internal/embedding/store.go:93.2,99.16 3 0
github.com/vic-sdd/vic/internal/embedding/store.go:99.16,101.3 1 0
github.com/vic-sdd/vic/internal/embedding/store.go:102.2,105.16 3 0
github.com/vic-sdd/vic/internal/embedding/store.go:105.16,107.3 1 0
github.com/vic-sdd/vic/internal/embedding/store.go:108.2,110.27 2 0
github.com/vic-sdd/vic/internal/embedding/store.go:110.27,116.17 2 0
github.com/vic-sdd/vic/internal/embedding/store.go:116.17,118.4 1 0
github.com/vic-sdd/vic/internal/embedding/store.go:120.3,123.17 4 0
github.com/vic-sdd/vic/internal/embedding/store.go:123.17,125.4 1 0
github.com/vic-sdd/vic/internal/embedding/store.go:128.2,128.20 1 0
github.com/vic-sdd/vic/internal/embedding/store.go:132.76,141.16 3 0
github.com/vic-sdd/vic/internal/embedding/store.go:141.16,143.3 1 0
github.com/vic-sdd/vic/internal/embedding/store.go:144.2,152.18 4 0
github.com/vic-sdd/vic/internal/embedding/store.go:152.18,158.17 4 0
github.com/vic-sdd/vic/internal/embedding/store.go:158.17,160.4 1 0
github.com/vic-sdd/vic/internal/embedding/store.go:162.3,164.65 3 0
github.com/vic-sdd/vic/internal/embedding/store.go:167.2,167.36 1 0
github.com/vic-sdd/vic/internal/embedding/store.go:167.36,168.41 1 0
github.com/vic-sdd/vic/internal/embedding/store.go:168.41,169.43 1 0
github.com/vic-sdd/vic/internal/embedding/store.go:169.43,171.5 1 0
github.com/vic-sdd/vic/internal/embedding/store.go:175.2,176.48 2 0
github.com/vic-sdd/vic/internal/embedding/store.go:176.48,178.3 1 0
github.com/vic-sdd/vic/internal/embedding/store.go:180.2,180.20 1 0
github.com/vic-sdd/vic/internal/embedding/store.go:184.69,186.16 2 0
github.com/vic-sdd/vic/internal/embedding/store.go:186.16,187.25 1 0
github.com/vic-sdd/vic/internal/embedding/store.go:187.25,189.4 1 0
github.com/vic-sdd/vic/internal/embedding/store.go:190.3,190.18 1 0
github.com/vic-sdd/vic/internal/embedding/store.go:192.2,193.49 2 0
github.com/vic-sdd/vic/internal/embedding/store.go:193.49,195.3 1 0
github.com/vic-sdd/vic/internal/embedding/store.go:196.2,196.16 1 0
github.com/vic-sdd/vic/internal/embedding/store.go:200.69,202.16 2 0
github.com/vic-sdd/vic/internal/embedding/store.go:202.16,204.3 1 0
github.com/vic-sdd/vic/internal/embedding/store.go:205.2,205.47 1 0
github.com/vic-sdd/vic/internal/embedding/store.go:209.68,211.16 2 1
github.com/vic-sdd/vic/internal/embedding/store.go:211.16,213.3 1 0
github.com/vic-sdd/vic/internal/embedding/store.go:214.2,217.16 3 1
github.com/vic-sdd/vic/internal/embedding/store.go:217.16,219.3 1 0
github.com/vic-sdd/vic/internal/embedding/store.go:220.2,221.18 2 1
github.com/vic-sdd/vic/internal/embedding/store.go:221.18,225.3 3 0
github.com/vic-sdd/vic/internal/embedding/store.go:226.2,228.19 2 1
github.com/vic-sdd/vic/internal/embedding/store.go:228.19,230.3 1 1
github.com/vic-sdd/vic/internal/embedding/store.go:232.2,232.25 1 0
github.com/vic-sdd/vic/internal/embedding/store.go:232.25,234.17 2 0
github.com/vic-sdd/vic/internal/embedding/store.go:234.17,236.4 1 0
github.com/vic-sdd/vic/internal/embedding/store.go:239.2,240.16 2 0
github.com/vic-sdd/vic/internal/embedding/store.go:240.16,242.3 1 0
github.com/vic-sdd/vic/internal/embedding/store.go:244.2,244.36 1 0
github.com/vic-sdd/vic/internal/embedding/store.go:244.36,246.3 1 0
github.com/vic-sdd/vic/internal/embedding/store.go:248.2,248.30 1 0
github.com/vic-sdd/vic/internal/embedding/store.go:252.43,256.2 3 1
github.com/vic-sdd/vic/internal/embedding/store.go:259.56,261.16 2 1
github.com/vic-sdd/vic/internal/embedding/store.go:261.16,263.3 1 0
github.com/vic-sdd/vic/internal/embedding/store.go:264.2,267.18 3 1
github.com/vic-sdd/vic/internal/embedding/store.go:267.18,269.39 2 0
github.com/vic-sdd/vic/internal/embedding/store.go:269.39,271.4 1 0
github.com/vic-sdd/vic/internal/embedding/store.go:272.3,272.27 1 0
github.com/vic-sdd/vic/internal/embedding/store.go:274.2,274.19 1 1
github.com/vic-sdd/vic/internal/embedding/store.go:278.67,282.2 3 1
github.com/vic-sdd/vic/internal/embedding/store.go:285.31,287.16 2 0
github.com/vic-sdd/vic/internal/embedding/store.go:287.16,289.3 1 0
github.com/vic-sdd/vic/internal/embedding/store.go:290.2,292.16 3 0
github.com/vic-sdd/vic/internal/embedding/store.go:292.16,294.3 1 0
github.com/vic-sdd/vic/internal/embedding/store.go:295.2,296.16 2 0
github.com/vic-sdd/vic/internal/embedding/store.go:296.16,298.3 1 0
github.com/vic-sdd/vic/internal/embedding/store.go:299.2,299.20 1 0
github.com/vic-sdd/vic/internal/embedding/store.go:306.46,308.22 2 0
github.com/vic-sdd/vic/internal/embedding/store.go:308.22,318.3 9 0
github.com/vic-sdd/vic/internal/embedding/store.go:319.2,319.10 1 0
github.com/vic-sdd/vic/internal/embedding/store.go:322.46,324.30 2 0
github.com/vic-sdd/vic/internal/embedding/store.go:324.30,334.3 2 0
github.com/vic-sdd/vic/internal/embedding/store.go:335.2,335.10 1 0
github.com/vic-sdd/vic/internal/embedding/store.go:338.43,338.63 1 0
github.com/vic-sdd/vic/internal/embedding/store.go:339.43,339.67 1 0
github.com/vic-sdd/vic/internal/embedding/store.go:341.39,343.22 2 0
github.com/vic-sdd/vic/internal/embedding/store.go:343.22,345.3 1 0
github.com/vic-sdd/vic/internal/embedding/store.go:346.2,347.14 2 0
github.com/vic-sdd/vic/internal/embedding/store.go:347.14,349.3 1 0
github.com/vic-sdd/vic/internal/embedding/store.go:350.2,351.22 2 0
github.com/vic-sdd/vic/internal/embedding/store.go:351.22,353.3 1 0
github.com/vic-sdd/vic/internal/embedding/store.go:354.2,354.15 1 0
github.com/vic-sdd/vic/internal/embedding/store.go:357.30,358.12 1 0
github.com/vic-sdd/vic/internal/embedding/store.go:358.12,360.3 1 0
github.com/vic-sdd/vic/internal/embedding/store.go:361.2,362.26 2 0
github.com/vic-sdd/vic/internal/embedding/store.go:362.26,364.3 1 0
github.com/vic-sdd/vic/internal/embedding/store.go:365.2,365.10 1 0
github.com/vic-sdd/vic/internal/embedding/store.go:368.34,370.19 2 0
github.com/vic-sdd/vic/internal/embedding/store.go:370.19,372.3 1 0
github.com/vic-sdd/vic/internal/embedding/store.go:373.2,373.12 1 0
github.com/vic-sdd/vic/internal/embedding/store.go:376.40,378.2 1 0
github.com/vic-sdd/vic/internal/embedding/sync.go:27.64,36.2 1 0
github.com/vic-sdd/vic/internal/embedding/sync.go:39.33,40.31 1 0
github.com/vic-sdd/vic/internal/embedding/sync.go:40.31,42.3 1 0
github.com/vic-sdd/vic/internal/embedding/sync.go:44.2,45.16 2 0
github.com/vic-sdd/vic/internal/embedding/sync.go:45.16,47.3 1 0
github.com/vic-sdd/vic/internal/embedding/sync.go:48.2,51.38 2 0
github.com/vic-sdd/vic/internal/embedding/sync.go:51.38,53.3 1 0
github.com/vic-sdd/vic/internal/embedding/sync.go:56.2,57.16 2 0
github.com/vic-sdd/vic/internal/embedding/sync.go:57.16,59.3 1 0
github.com/vic-sdd/vic/internal/embedding/sync.go:61.2,61.22 1 0
github.com/vic-sdd/vic/internal/embedding/sync.go:61.22,73.3 2 0
github.com/vic-sdd/vic/internal/embedding/sync.go:76.2,77.27 2 0
github.com/vic-sdd/vic/internal/embedding/sync.go:77.27,79.18 2 0
github.com/vic-sdd/vic/internal/embedding/sync.go:79.18,81.4 1 0
github.com/vic-sdd/vic/internal/embedding/sync.go:82.3,83.18 2 0
github.com/vic-sdd/vic/internal/embedding/sync.go:87.2,89.45 3 0
github.com/vic-sdd/vic/internal/embedding/sync.go:89.45,91.23 2 0
github.com/vic-sdd/vic/internal/embedding/sync.go:91.23,93.4 1 0
github.com/vic-sdd/vic/internal/embedding/sync.go:94.3,95.17 2 0
github.com/vic-sdd/vic/internal/embedding/sync.go:95.17,97.4 1 0
github.com/vic-sdd/vic/internal/embedding/sync.go:98.3,98.43 1 0
github.com/vic-sdd/vic/internal/embedding/sync.go:102.2,102.63 1 0
github.com/vic-sdd/vic/internal/embedding/sync.go:102.63,104.3 1 0
github.com/vic-sdd/vic/internal/embedding/sync.go:107.2,116.45 2 0
github.com/vic-sdd/vic/internal/embedding/sync.go:120.75,121.31 1 0
github.com/vic-sdd/vic/internal/embedding/sync.go:121.31,123.3 1 0
github.com/vic-sdd/vic/internal/embedding/sync.go:125.2,126.16 2 0
github.com/vic-sdd/vic/internal/embedding/sync.go:126.16,128.3 1 0
github.com/vic-sdd/vic/internal/embedding/sync.go:129.2,132.16 3 0
github.com/vic-sdd/vic/internal/embedding/sync.go:132.16,135.3 1 0
github.com/vic-sdd/vic/internal/embedding/sync.go:138.2,156.89 5 0
github.com/vic-sdd/vic/internal/embedding/sync.go:156.89,157.17 1 0
github.com/vic-sdd/vic/internal/embedding/sync.go:157.17,159.4 1 0
github.com/vic-sdd/vic/internal/embedding/sync.go:160.3,163.81 3 0
github.com/vic-sdd/vic/internal/embedding/sync.go:163.81,164.20 1 0
github.com/vic-sdd/vic/internal/embedding/sync.go:164.20,166.5 1 0
github.com/vic-sdd/vic/internal/embedding/sync.go:167.4,167.14 1 0
github.com/vic-sdd/vic/internal/embedding/sync.go:170.3,170.19 1 0
github.com/vic-sdd/vic/internal/embedding/sync.go:170.19,171.37 1 0
github.com/vic-sdd/vic/internal/embedding/sync.go:171.37,173.5 1 0
github.com/vic-sdd/vic/internal/embedding/sync.go:174.4,174.14 1 0
github.com/vic-sdd/vic/internal/embedding/sync.go:177.3,178.26 2 0
github.com/vic-sdd/vic/internal/embedding/sync.go:178.26,180.4 1 0
github.com/vic-sdd/vic/internal/embedding/sync.go:182.3,185.33 3 0
github.com/vic-sdd/vic/internal/embedding/sync.go:185.33,187.4 1 0
github.com/vic-sdd/vic/internal/embedding/sync.go:188.3,188.13 1 0
github.com/vic-sdd/vic/internal/embedding/sync.go:191.2,191.16 1 0
github.com/vic-sdd/vic/internal/embedding/sync.go:191.16,193.3 1 0
github.com/vic-sdd/vic/internal/embedding/sync.go:196.2,196.40 1 0
github.com/vic-sdd/vic/internal/embedding/sync.go:196.40,198.17 2 0
github.com/vic-sdd/vic/internal/embedding/sync.go:198.17,200.12 1 0
github.com/vic-sdd/vic/internal/embedding/sync.go:203.3,204.23 2 0
github.com/vic-sdd/vic/internal/embedding/sync.go:204.23,206.12 1 0
github.com/vic-sdd/vic/internal/embedding/sync.go:210.3,211.17 2 0
github.com/vic-sdd/vic/internal/embedding/sync.go:211.17,213.12 1 0
github.com/vic-sdd/vic/internal/embedding/sync.go:215.3,215.18 1 0
github.com/vic-sdd/vic/internal/embedding/sync.go:215.18,217.4 1 0
github.com/vic-sdd/vic/internal/embedding/sync.go:220.3,221.28 2 0
github.com/vic-sdd/vic/internal/embedding/sync.go:221.28,223.19 2 0
github.com/vic-sdd/vic/internal/embedding/sync.go:223.19,225.5 1 0
github.com/vic-sdd/vic/internal/embedding/sync.go:226.4,227.19 2 0
github.com/vic-sdd/vic/internal/embedding/sync.go:230.3,231.17 2 0
github.com/vic-sdd/vic/internal/embedding/sync.go:231.17,233.12 1 0
github.com/vic-sdd/vic/internal/embedding/sync.go:236.3,236.58 1 0
github.com/vic-sdd/vic/internal/embedding/sync.go:236.58,238.12 1 0
github.com/vic-sdd/vic/internal/embedding/sync.go:240.3,240.19 1 0
github.com/vic-sdd/vic/internal/embedding/sync.go:240.19,242.4 1 0
github.com/vic-sdd/vic/internal/embedding/sync.go:247.2,248.16 2 0
github.com/vic-sdd/vic/internal/embedding/sync.go:248.16,249.41 1 0
github.com/vic-sdd/vic/internal/embedding/sync.go:249.41,251.28 1 0
github.com/vic-sdd/vic/internal/embedding/sync.go:251.28,253.22 2 0
github.com/vic-sdd/vic/internal/embedding/sync.go:253.22,255.6 1 0
github.com/vic-sdd/vic/internal/embedding/sync.go:261.2,264.68 4 0
github.com/vic-sdd/vic/internal/embedding/sync.go:264.68,266.3 1 0
github.com/vic-sdd/vic/internal/embedding/sync.go:268.2,268.37 1 0
github.com/vic-sdd/vic/internal/embedding/sync.go:272.43,274.16 2 0
github.com/vic-sdd/vic/internal/embedding/sync.go:274.16,276.3 1 0
github.com/vic-sdd/vic/internal/embedding/sync.go:277.2,277.22 1 0
github.com/vic-sdd/vic/internal/embedding/sync.go:281.59,283.16 2 0
github.com/vic-sdd/vic/internal/embedding/sync.go:283.16,284.25 1 0
github.com/vic-sdd/vic/internal/embedding/sync.go:284.25,286.4 1 0
github.com/vic-sdd/vic/internal/embedding/sync.go:287.3,287.18 1 0
github.com/vic-sdd/vic/internal/embedding/sync.go:289.2,290.49 2 0
github.com/vic-sdd/vic/internal/embedding/sync.go:290.49,292.3 1 0
github.com/vic-sdd/vic/internal/embedding/sync.go:293.2,293.16 1 0
github.com/vic-sdd/vic/internal/embedding/sync.go:297.55,299.43 2 0
github.com/vic-sdd/vic/internal/embedding/sync.go:299.43,302.3 1 0
github.com/vic-sdd/vic/internal/embedding/sync.go:304.2,317.89 4 0
github.com/vic-sdd/vic/internal/embedding/sync.go:317.89,318.17 1 0
github.com/vic-sdd/vic/internal/embedding/sync.go:318.17,320.4 1 0
github.com/vic-sdd/vic/internal/embedding/sync.go:321.3,324.81 3 0
github.com/vic-sdd/vic/internal/embedding/sync.go:324.81,325.20 1 0
github.com/vic-sdd/vic/internal/embedding/sync.go:325.20,327.5 1 0
github.com/vic-sdd/vic/internal/embedding/sync.go:328.4,328.14 1 0
github.com/vic-sdd/vic/internal/embedding/sync.go:331.3,331.19 1 0
github.com/vic-sdd/vic/internal/embedding/sync.go:331.19,332.37 1 0
github.com/vic-sdd/vic/internal/embedding/sync.go:332.37,334.5 1 0
github.com/vic-sdd/vic/internal/embedding/sync.go:335.4,335.14 1 0
github.com/vic-sdd/vic/internal/embedding/sync.go:338.3,339.26 2 0
github.com/vic-sdd/vic/internal/embedding/sync.go:339.26,341.4 1 0
github.com/vic-sdd/vic/internal/embedding/sync.go:343.3,343.49 1 0
github.com/vic-sdd/vic/internal/embedding/sync.go:343.49,345.4 1 0
github.com/vic-sdd/vic/internal/embedding/sync.go:346.3,346.13 1 0
github.com/vic-sdd/vic/internal/embedding/sync.go:349.2,350.21 2 0
github.com/vic-sdd/vic/internal/checker/code_analysis.go:98.38,100.37 2 0
github.com/vic-sdd/vic/internal/checker/code_analysis.go:100.37,101.35 1 0
github.com/vic-sdd/vic/internal/checker/code_analysis.go:101.35,103.4 1 0
github.com/vic-sdd/vic/internal/checker/code_analysis.go:104.3,105.33 2 0
github.com/vic-sdd/vic/internal/checker/code_analysis.go:105.33,107.18 2 0
github.com/vic-sdd/vic/internal/checker/code_analysis.go:107.18,109.5 1 0
github.com/vic-sdd/vic/internal/checker/code_analysis.go:111.3,111.43 1 0
github.com/vic-sdd/vic/internal/checker/code_analysis.go:114.2,117.3 1 0
github.com/vic-sdd/vic/internal/checker/code_analysis.go:121.56,127.31 3 0
github.com/vic-sdd/vic/internal/checker/code_analysis.go:127.31,129.64 2 0
github.com/vic-sdd/vic/internal/checker/code_analysis.go:129.64,131.9 2 0
github.com/vic-sdd/vic/internal/checker/code_analysis.go:135.2,135.19 1 0
github.com/vic-sdd/vic/internal/checker/code_analysis.go:135.19,137.3 1 0
github.com/vic-sdd/vic/internal/checker/code_analysis.go:140.2,140.85 1 0
github.com/vic-sdd/vic/internal/checker/code_analysis.go:140.85,141.17 1 0
github.com/vic-sdd/vic/internal/checker/code_analysis.go:141.17,143.4 1 0
github.com/vic-sdd/vic/internal/checker/code_analysis.go:146.3,147.33 2 0
github.com/vic-sdd/vic/internal/checker/code_analysis.go:147.33,148.36 1 0
github.com/vic-sdd/vic/internal/checker/code_analysis.go:148.36,150.5 1 0
github.com/vic-sdd/vic/internal/checker/code_analysis.go:154.3,161.23 3 0
github.com/vic-sdd/vic/internal/checker/code_analysis.go:161.23,163.4 1 0
github.com/vic-sdd/vic/internal/checker/code_analysis.go:166.3,168.13 2 0
github.com/vic-sdd/vic/internal/checker/code_analysis.go:173.49,175.16 2 0
github.com/vic-sdd/vic/internal/checker/code_analysis.go:175.16,177.3 1 0
github.com/vic-sdd/vic/internal/checker/code_analysis.go:179.2,183.42 3 0
github.com/vic-sdd/vic/internal/checker/code_analysis.go:183.42,184.36 1 0
github.com/vic-sdd/vic/internal/checker/code_analysis.go:184.36,185.31 1 0
github.com/vic-sdd/vic/internal/checker/code_analysis.go:185.31,186.35 1 0
github.com/vic-sdd/vic/internal/checker/code_analysis.go:186.35,189.6 2 0
github.com/vic-sdd/vic/internal/checker/code_analysis.go:196.62,199.40 2 0
github.com/vic-sdd/vic/internal/checker/code_analysis.go:199.40,200.28 1 0
github.com/vic-sdd/vic/internal/checker/code_analysis.go:200.28,202.23 2 0
github.com/vic-sdd/vic/internal/checker/code_analysis.go:202.23,205.42 3 0
github.com/vic-sdd/vic/internal/checker/code_analysis.go:205.42,206.19 1 0
github.com/vic-sdd/vic/internal/checker/code_analysis.go:206.19,208.12 2 0
github.com/vic-sdd/vic/internal/checker/code_analysis.go:211.5,211.15 1 0
github.com/vic-sdd/vic/internal/checker/code_analysis.go:211.15,213.6 1 0
github.com/vic-sdd/vic/internal/checker/code_analysis.go:218.2,218.17 1 0
github.com/vic-sdd/vic/internal/checker/code_analysis.go:222.87,252.38 4 0
github.com/vic-sdd/vic/internal/checker/code_analysis.go:252.38,253.43 1 0
github.com/vic-sdd/vic/internal/checker/code_analysis.go:253.43,256.11 2 0
github.com/vic-sdd/vic/internal/checker/code_analysis.go:257.88,258.34 1 0
github.com/vic-sdd/vic/internal/checker/code_analysis.go:259.51,260.30 1 0
github.com/vic-sdd/vic/internal/checker/code_analysis.go:261.62,262.34 1 0
github.com/vic-sdd/vic/internal/checker/code_analysis.go:263.76,264.33 1 0
github.com/vic-sdd/vic/internal/checker/code_analysis.go:267.4,267.30 1 0
github.com/vic-sdd/vic/internal/checker/code_analysis.go:267.30,268.32 1 0
github.com/vic-sdd/vic/internal/checker/code_analysis.go:268.32,269.53 1 0
github.com/vic-sdd/vic/internal/checker/code_analysis.go:269.53,270.53 1 0
github.com/vic-sdd/vic/internal/checker/code_analysis.go:270.53,278.8 1 0
github.com/vic-sdd/vic/internal/checker/code_analysis.go:286.2,292.3 1 0
github.com/vic-sdd/vic/internal/checker/code_analysis.go:296.53,297.29 1 0
github.com/vic-sdd/vic/internal/checker/code_analysis.go:297.29,298.27 1 0
github.com/vic-sdd/vic/internal/checker/code_analysis.go:298.27,299.17 1 0
github.com/vic-sdd/vic/internal/checker/code_analysis.go:299.17,301.5 1 0
github.com/vic-sdd/vic/internal/checker/code_analysis.go:304.2,304.14 1 0
github.com/vic-sdd/vic/main.go:10.13,15.59 2 0
github.com/vic-sdd/vic/main.go:15.59,17.3 1 0
github.com/vic-sdd/vic/internal/config/config.go:42.21,55.22 8 1
github.com/vic-sdd/vic/internal/config/config.go:55.22,59.3 2 1
github.com/vic-sdd/vic/internal/config/config.go:62.2,87.12 17 1
github.com/vic-sdd/vic/internal/config/config.go:91.37,93.2 1 1
github.com/vic-sdd/vic/internal/config/config.go:96.39,98.51 2 1
github.com/vic-sdd/vic/internal/config/config.go:98.51,100.3 1 1
github.com/vic-sdd/vic/internal/config/config.go:101.2,101.12 1 1
github.com/vic-sdd/vic/internal/config/config.go:105.50,107.51 2 1
github.com/vic-sdd/vic/internal/config/config.go:107.51,109.3 1 1
github.com/vic-sdd/vic/internal/config/config.go:110.2,110.12 1 1
github.com/vic-sdd/vic/internal/config/config.go:113.45,116.43 2 1
github.com/vic-sdd/vic/internal/config/config.go:116.43,118.3 1 1
github.com/vic-sdd/vic/internal/config/config.go:121.2,123.16 3 1
github.com/vic-sdd/vic/internal/config/config.go:123.16,125.3 1 0
github.com/vic-sdd/vic/internal/config/config.go:128.2,130.16 3 1
github.com/vic-sdd/vic/internal/config/config.go:130.16,132.3 1 1
github.com/vic-sdd/vic/internal/config/config.go:133.2,133.15 1 1
github.com/vic-sdd/vic/internal/commands/ask.go:15.51,34.55 2 0
github.com/vic-sdd/vic/internal/commands/ask.go:34.55,36.4 1 0
github.com/vic-sdd/vic/internal/commands/ask.go:39.2,41.12 2 0
github.com/vic-sdd/vic/internal/commands/ask.go:44.68,47.29 2 0
github.com/vic-sdd/vic/internal/commands/ask.go:47.29,48.23 1 0
github.com/vic-sdd/vic/internal/commands/ask.go:48.23,50.4 1 0
github.com/vic-sdd/vic/internal/commands/ask.go:50.9,59.4 8 0
github.com/vic-sdd/vic/internal/commands/ask.go:60.3,60.13 1 0
github.com/vic-sdd/vic/internal/commands/ask.go:64.2,65.54 2 0
github.com/vic-sdd/vic/internal/commands/ask.go:65.54,66.23 1 0
github.com/vic-sdd/vic/internal/commands/ask.go:66.23,68.4 1 0
github.com/vic-sdd/vic/internal/commands/ask.go:68.9,71.4 2 0
github.com/vic-sdd/vic/internal/commands/ask.go:72.3,72.13 1 0
github.com/vic-sdd/vic/internal/commands/ask.go:75.2,76.16 2 0
github.com/vic-sdd/vic/internal/commands/ask.go:76.16,78.3 1 0
github.com/vic-sdd/vic/internal/commands/ask.go:79.2,84.80 4 0
github.com/vic-sdd/vic/internal/commands/ask.go:84.80,86.52 2 0
github.com/vic-sdd/vic/internal/commands/ask.go:86.52,88.4 1 0
github.com/vic-sdd/vic/internal/commands/ask.go:89.8,89.29 1 0
github.com/vic-sdd/vic/internal/commands/ask.go:89.29,91.3 1 0
github.com/vic-sdd/vic/internal/commands/ask.go:94.2,95.16 2 0
github.com/vic-sdd/vic/internal/commands/ask.go:95.16,97.3 1 0
github.com/vic-sdd/vic/internal/commands/ask.go:100.2,101.16 2 0
github.com/vic-sdd/vic/internal/commands/ask.go:101.16,103.3 1 0
github.com/vic-sdd/vic/internal/commands/ask.go:106.2,106.22 1 0
github.com/vic-sdd/vic/internal/commands/ask.go:106.22,108.33 2 0
github.com/vic-sdd/vic/internal/commands/ask.go:108.33,110.39 2 0
github.com/vic-sdd/vic/internal/commands/ask.go:110.39,112.5 1 0
github.com/vic-sdd/vic/internal/commands/ask.go:113.4,113.13 1 0
github.com/vic-sdd/vic/internal/commands/ask.go:113.13,115.5 1 0
github.com/vic-sdd/vic/internal/commands/ask.go:116.4,117.102 1 0
github.com/vic-sdd/vic/internal/commands/ask.go:119.3,121.13 3 0
github.com/vic-sdd/vic/internal/commands/ask.go:125.2,128.23 3 0
github.com/vic-sdd/vic/internal/commands/ask.go:128.23,131.3 2 0
github.com/vic-sdd/vic/internal/commands/ask.go:133.2,133.32 1 0
github.com/vic-sdd/vic/internal/commands/ask.go:133.32,135.38 2 0
github.com/vic-sdd/vic/internal/commands/ask.go:135.38,137.4 1 0
github.com/vic-sdd/vic/internal/commands/ask.go:139.3,144.22 3 0
github.com/vic-sdd/vic/internal/commands/ask.go:144.22,146.22 2 0
github.com/vic-sdd/vic/internal/commands/ask.go:146.22,148.5 1 0
github.com/vic-sdd/vic/internal/commands/ask.go:149.4,149.37 1 0
github.com/vic-sdd/vic/internal/commands/ask.go:153.3,155.28 3 0
github.com/vic-sdd/vic/internal/commands/ask.go:155.28,158.4 2 0
github.com/vic-sdd/vic/internal/commands/ask.go:159.3,159.30 1 0
github.com/vic-sdd/vic/internal/commands/ask.go:159.30,160.37 1 0
github.com/vic-sdd/vic/internal/commands/ask.go:160.37,162.5 1 0
github.com/vic-sdd/vic/internal/commands/ask.go:165.3,165.25 1 0
github.com/vic-sdd/vic/internal/commands/ask.go:165.25,167.4 1 0
github.com/vic-sdd/vic/internal/commands/ask.go:170.2,173.12 3 0
github.com/vic-sdd/vic/internal/commands/ask.go:176.51,177.25 1 0
github.com/vic-sdd/vic/internal/commands/ask.go:177.25,179.3 1 0
github.com/vic-sdd/vic/internal/commands/ask.go:180.2,180.30 1 0
github.com/vic-sdd/vic/internal/commands/assess.go:59.54,75.55 3 0
github.com/vic-sdd/vic/internal/commands/assess.go:75.55,77.4 1 0
github.com/vic-sdd/vic/internal/commands/assess.go:80.2,83.12 3 0
github.com/vic-sdd/vic/internal/commands/assess.go:86.81,89.16 2 0
github.com/vic-sdd/vic/internal/commands/assess.go:89.16,91.3 1 0
github.com/vic-sdd/vic/internal/commands/assess.go:94.2,117.28 6 0
github.com/vic-sdd/vic/internal/commands/assess.go:117.28,119.3 1 0
github.com/vic-sdd/vic/internal/commands/assess.go:121.2,121.41 1 0
github.com/vic-sdd/vic/internal/commands/assess.go:124.53,130.16 4 0
github.com/vic-sdd/vic/internal/commands/assess.go:130.16,132.3 1 0
github.com/vic-sdd/vic/internal/commands/assess.go:133.2,134.39 2 0
github.com/vic-sdd/vic/internal/commands/assess.go:134.39,136.3 1 0
github.com/vic-sdd/vic/internal/commands/assess.go:137.2,140.29 2 0
github.com/vic-sdd/vic/internal/commands/assess.go:140.29,141.72 1 0
github.com/vic-sdd/vic/internal/commands/assess.go:141.72,143.9 2 0
github.com/vic-sdd/vic/internal/commands/assess.go:145.3,145.43 1 0
github.com/vic-sdd/vic/internal/commands/assess.go:145.43,147.9 2 0
github.com/vic-sdd/vic/internal/commands/assess.go:152.2,154.16 3 0
github.com/vic-sdd/vic/internal/commands/assess.go:154.16,156.3 1 0
github.com/vic-sdd/vic/internal/commands/assess.go:157.2,162.16 4 0
github.com/vic-sdd/vic/internal/commands/assess.go:162.16,164.3 1 0
github.com/vic-sdd/vic/internal/commands/assess.go:165.2,179.21 6 0
github.com/vic-sdd/vic/internal/commands/assess.go:182.42,185.49 2 0
github.com/vic-sdd/vic/internal/commands/assess.go:185.49,186.34 1 0
github.com/vic-sdd/vic/internal/commands/assess.go:186.34,188.23 2 0
github.com/vic-sdd/vic/internal/commands/assess.go:188.23,192.34 3 0
github.com/vic-sdd/vic/internal/commands/assess.go:192.34,193.30 1 0
github.com/vic-sdd/vic/internal/commands/assess.go:193.30,195.7 1 0
github.com/vic-sdd/vic/internal/commands/assess.go:195.12,196.12 1 0
github.com/vic-sdd/vic/internal/commands/assess.go:199.5,199.53 1 0
github.com/vic-sdd/vic/internal/commands/assess.go:199.53,201.6 1 0
github.com/vic-sdd/vic/internal/commands/assess.go:205.2,205.14 1 0
github.com/vic-sdd/vic/internal/commands/assess.go:208.39,217.40 2 0
github.com/vic-sdd/vic/internal/commands/assess.go:217.40,218.81 1 0
github.com/vic-sdd/vic/internal/commands/assess.go:218.81,220.4 1 0
github.com/vic-sdd/vic/internal/commands/assess.go:222.2,222.14 1 0
github.com/vic-sdd/vic/internal/commands/assess.go:225.59,228.29 2 0
github.com/vic-sdd/vic/internal/commands/assess.go:228.29,230.22 2 0
github.com/vic-sdd/vic/internal/commands/assess.go:230.22,232.4 1 0
github.com/vic-sdd/vic/internal/commands/assess.go:232.9,232.29 1 0
github.com/vic-sdd/vic/internal/commands/assess.go:232.29,234.4 1 0
github.com/vic-sdd/vic/internal/commands/assess.go:237.2,237.23 1 0
github.com/vic-sdd/vic/internal/commands/assess.go:237.23,239.3 1 0
github.com/vic-sdd/vic/internal/commands/assess.go:240.2,240.23 1 0
github.com/vic-sdd/vic/internal/commands/assess.go:240.23,242.3 1 0
github.com/vic-sdd/vic/internal/commands/assess.go:243.2,243.23 1 0
github.com/vic-sdd/vic/internal/commands/assess.go:243.23,245.3 1 0
github.com/vic-sdd/vic/internal/commands/assess.go:246.2,246.10 1 0
github.com/vic-sdd/vic/internal/commands/assess.go:249.64,250.21 1 0
github.com/vic-sdd/vic/internal/commands/assess.go:250.21,252.3 1 0
github.com/vic-sdd/vic/internal/commands/assess.go:255.2,257.29 3 0
github.com/vic-sdd/vic/internal/commands/assess.go:257.29,259.3 1 0
github.com/vic-sdd/vic/internal/commands/assess.go:262.2,264.22 2 0
github.com/vic-sdd/vic/internal/commands/assess.go:264.22,266.3 1 0
github.com/vic-sdd/vic/internal/commands/assess.go:267.2,267.25 1 0
github.com/vic-sdd/vic/internal/commands/assess.go:267.25,269.3 1 0
github.com/vic-sdd/vic/internal/commands/assess.go:270.2,270.10 1 0
github.com/vic-sdd/vic/internal/commands/assess.go:273.60,274.18 1 0
github.com/vic-sdd/vic/internal/commands/assess.go:274.18,276.3 1 0
github.com/vic-sdd/vic/internal/commands/assess.go:277.2,277.16 1 0
github.com/vic-sdd/vic/internal/commands/assess.go:277.16,279.3 1 0
github.com/vic-sdd/vic/internal/commands/assess.go:280.2,280.16 1 0
github.com/vic-sdd/vic/internal/commands/assess.go:280.16,282.3 1 0
github.com/vic-sdd/vic/internal/commands/assess.go:283.2,283.10 1 0
github.com/vic-sdd/vic/internal/commands/assess.go:286.71,287.21 1 0
github.com/vic-sdd/vic/internal/commands/assess.go:287.21,289.3 1 0
github.com/vic-sdd/vic/internal/commands/assess.go:290.2,290.22 1 0
github.com/vic-sdd/vic/internal/commands/assess.go:290.22,292.3 1 0
github.com/vic-sdd/vic/internal/commands/assess.go:293.2,293.10 1 0
github.com/vic-sdd/vic/internal/commands/assess.go:296.72,300.55 1 0
github.com/vic-sdd/vic/internal/commands/assess.go:300.55,302.3 1 0
github.com/vic-sdd/vic/internal/commands/assess.go:308.2,308.56 1 0
github.com/vic-sdd/vic/internal/commands/assess.go:308.56,310.3 1 0
github.com/vic-sdd/vic/internal/commands/assess.go:313.2,313.57 1 0
github.com/vic-sdd/vic/internal/commands/assess.go:313.57,315.3 1 0
github.com/vic-sdd/vic/internal/commands/assess.go:318.2,318.86 1 0
github.com/vic-sdd/vic/internal/commands/assess.go:318.86,320.3 1 0
github.com/vic-sdd/vic/internal/commands/assess.go:323.2,323.87 1 0
github.com/vic-sdd/vic/internal/commands/assess.go:323.87,325.3 1 0
github.com/vic-sdd/vic/internal/commands/assess.go:328.2,328.34 1 0
github.com/vic-sdd/vic/internal/commands/assess.go:331.65,335.9 3 0
github.com/vic-sdd/vic/internal/commands/assess.go:336.19,337.27 1 0
github.com/vic-sdd/vic/internal/commands/assess.go:338.19,339.23 1 0
github.com/vic-sdd/vic/internal/commands/assess.go:340.19,341.26 1 0
github.com/vic-sdd/vic/internal/commands/assess.go:342.19,343.24 1 0
github.com/vic-sdd/vic/internal/commands/assess.go:344.10,345.28 1 0
github.com/vic-sdd/vic/internal/commands/assess.go:348.2,348.21 1 0
github.com/vic-sdd/vic/internal/commands/assess.go:351.50,352.19 1 0
github.com/vic-sdd/vic/internal/commands/assess.go:353.24,354.17 1 0
github.com/vic-sdd/vic/internal/commands/assess.go:355.20,356.18 1 0
github.com/vic-sdd/vic/internal/commands/assess.go:357.23,358.21 1 0
github.com/vic-sdd/vic/internal/commands/assess.go:359.21,360.24 1 0
github.com/vic-sdd/vic/internal/commands/assess.go:361.25,362.27 1 0
github.com/vic-sdd/vic/internal/commands/assess.go:363.10,364.27 1 0
github.com/vic-sdd/vic/internal/commands/assess.go:368.77,369.9 1 0
github.com/vic-sdd/vic/internal/commands/assess.go:370.81,371.17 1 0
github.com/vic-sdd/vic/internal/commands/assess.go:372.38,373.25 1 0
github.com/vic-sdd/vic/internal/commands/assess.go:374.10,375.26 1 0
github.com/vic-sdd/vic/internal/commands/assess.go:379.48,391.2 3 0
github.com/vic-sdd/vic/internal/commands/assess.go:393.67,409.35 10 0
github.com/vic-sdd/vic/internal/commands/assess.go:409.35,411.3 1 0
github.com/vic-sdd/vic/internal/commands/assess.go:412.2,420.24 5 0
github.com/vic-sdd/vic/internal/commands/assess.go:420.24,422.3 1 0
github.com/vic-sdd/vic/internal/commands/assess.go:423.2,426.17 2 0
github.com/vic-sdd/vic/internal/commands/assess.go:426.17,438.3 11 0
github.com/vic-sdd/vic/internal/commands/assess.go:440.2,444.40 3 0
github.com/vic-sdd/vic/internal/commands/assess.go:444.40,446.3 1 0
github.com/vic-sdd/vic/internal/commands/assess.go:446.8,446.55 1 0
github.com/vic-sdd/vic/internal/commands/assess.go:446.55,449.3 2 0
github.com/vic-sdd/vic/internal/commands/assess.go:449.8,451.36 2 0
github.com/vic-sdd/vic/internal/commands/assess.go:451.36,453.4 1 0
github.com/vic-sdd/vic/internal/commands/assess.go:456.2,456.12 1 0
github.com/vic-sdd/vic/internal/commands/assess.go:459.46,460.12 1 0
github.com/vic-sdd/vic/internal/commands/assess.go:461.25,462.18 1 0
github.com/vic-sdd/vic/internal/commands/assess.go:463.32,464.16 1 0
github.com/vic-sdd/vic/internal/commands/assess.go:465.24,466.16 1 0
github.com/vic-sdd/vic/internal/commands/assess.go:467.33,468.15 1 0
github.com/vic-sdd/vic/internal/commands/assess.go:469.36,470.19 1 0
github.com/vic-sdd/vic/internal/commands/assess.go:471.10,472.16 1 0
github.com/vic-sdd/vic/internal/commands/assess.go:476.39,477.12 1 0
github.com/vic-sdd/vic/internal/commands/assess.go:478.24,479.16 1 0
github.com/vic-sdd/vic/internal/commands/assess.go:480.20,481.16 1 0
github.com/vic-sdd/vic/internal/commands/assess.go:482.23,483.16 1 0
github.com/vic-sdd/vic/internal/commands/assess.go:484.21,485.16 1 0
github.com/vic-sdd/vic/internal/commands/assess.go:486.25,487.16 1 0
github.com/vic-sdd/vic/internal/commands/assess.go:488.10,489.15 1 0
github.com/vic-sdd/vic/internal/commands/assess.go:493.40,494.15 1 0
github.com/vic-sdd/vic/internal/commands/assess.go:495.15,496.15 1 0
github.com/vic-sdd/vic/internal/commands/assess.go:497.23,498.16 1 0
github.com/vic-sdd/vic/internal/commands/assess.go:499.24,500.16 1 0
github.com/vic-sdd/vic/internal/commands/assess.go:501.26,502.16 1 0
github.com/vic-sdd/vic/internal/commands/assess.go:503.10,504.16 1 0
github.com/vic-sdd/vic/internal/commands/auto.go:16.52,35.2 7 0
github.com/vic-sdd/vic/internal/commands/auto.go:42.57,49.55 1 0
github.com/vic-sdd/vic/internal/commands/auto.go:49.55,51.4 1 0
github.com/vic-sdd/vic/internal/commands/auto.go:55.45,58.16 2 0
github.com/vic-sdd/vic/internal/commands/auto.go:58.16,60.3 1 0
github.com/vic-sdd/vic/internal/commands/auto.go:63.2,63.40 1 0
github.com/vic-sdd/vic/internal/commands/auto.go:63.40,68.3 4 0
github.com/vic-sdd/vic/internal/commands/auto.go:71.2,76.53 4 0
github.com/vic-sdd/vic/internal/commands/auto.go:76.53,78.3 1 0
github.com/vic-sdd/vic/internal/commands/auto.go:80.2,93.12 13 0
github.com/vic-sdd/vic/internal/commands/auto.go:101.58,107.55 1 0
github.com/vic-sdd/vic/internal/commands/auto.go:107.55,109.4 1 0
github.com/vic-sdd/vic/internal/commands/auto.go:113.46,115.16 2 0
github.com/vic-sdd/vic/internal/commands/auto.go:115.16,117.3 1 0
github.com/vic-sdd/vic/internal/commands/auto.go:120.2,123.31 3 0
github.com/vic-sdd/vic/internal/commands/auto.go:124.17,125.22 1 0
github.com/vic-sdd/vic/internal/commands/auto.go:126.16,127.24 1 0
github.com/vic-sdd/vic/internal/commands/auto.go:128.19,129.21 1 0
github.com/vic-sdd/vic/internal/commands/auto.go:130.16,131.21 1 0
github.com/vic-sdd/vic/internal/commands/auto.go:134.2,142.43 8 0
github.com/vic-sdd/vic/internal/commands/auto.go:142.43,144.3 1 0
github.com/vic-sdd/vic/internal/commands/auto.go:146.2,151.21 5 0
github.com/vic-sdd/vic/internal/commands/auto.go:151.21,162.43 9 0
github.com/vic-sdd/vic/internal/commands/auto.go:162.43,167.66 5 0
github.com/vic-sdd/vic/internal/commands/auto.go:167.66,169.5 1 0
github.com/vic-sdd/vic/internal/commands/auto.go:171.8,173.3 1 0
github.com/vic-sdd/vic/internal/commands/auto.go:175.2,183.48 7 0
github.com/vic-sdd/vic/internal/commands/auto.go:183.48,187.59 4 0
github.com/vic-sdd/vic/internal/commands/auto.go:187.59,189.4 1 0
github.com/vic-sdd/vic/internal/commands/auto.go:190.3,190.114 1 0
github.com/vic-sdd/vic/internal/commands/auto.go:190.114,193.35 3 0
github.com/vic-sdd/vic/internal/commands/auto.go:193.35,195.5 1 0
github.com/vic-sdd/vic/internal/commands/auto.go:195.10,195.39 1 0
github.com/vic-sdd/vic/internal/commands/auto.go:195.39,197.5 1 0
github.com/vic-sdd/vic/internal/commands/auto.go:198.4,198.88 1 0
github.com/vic-sdd/vic/internal/commands/auto.go:203.2,203.46 1 0
github.com/vic-sdd/vic/internal/commands/auto.go:203.46,206.57 3 0
github.com/vic-sdd/vic/internal/commands/auto.go:206.57,208.4 1 0
github.com/vic-sdd/vic/internal/commands/auto.go:211.2,215.40 3 0
github.com/vic-sdd/vic/internal/commands/auto.go:215.40,217.3 1 0
github.com/vic-sdd/vic/internal/commands/auto.go:217.8,217.46 1 0
github.com/vic-sdd/vic/internal/commands/auto.go:217.46,219.3 1 0
github.com/vic-sdd/vic/internal/commands/auto.go:221.2,221.12 1 0
github.com/vic-sdd/vic/internal/commands/auto.go:229.57,235.55 1 0
github.com/vic-sdd/vic/internal/commands/auto.go:235.55,237.4 1 0
github.com/vic-sdd/vic/internal/commands/auto.go:241.45,243.16 2 0
github.com/vic-sdd/vic/internal/commands/auto.go:243.16,245.3 1 0
github.com/vic-sdd/vic/internal/commands/auto.go:247.2,247.40 1 0
github.com/vic-sdd/vic/internal/commands/auto.go:247.40,249.40 2 0
github.com/vic-sdd/vic/internal/commands/auto.go:249.40,251.4 1 0
github.com/vic-sdd/vic/internal/commands/auto.go:252.3,252.13 1 0
github.com/vic-sdd/vic/internal/commands/auto.go:255.2,257.53 2 0
github.com/vic-sdd/vic/internal/commands/auto.go:257.53,259.3 1 0
github.com/vic-sdd/vic/internal/commands/auto.go:261.2,270.12 9 0
github.com/vic-sdd/vic/internal/commands/auto.go:278.58,284.55 1 0
github.com/vic-sdd/vic/internal/commands/auto.go:284.55,286.4 1 0
github.com/vic-sdd/vic/internal/commands/auto.go:290.46,292.16 2 0
github.com/vic-sdd/vic/internal/commands/auto.go:292.16,294.3 1 0
github.com/vic-sdd/vic/internal/commands/auto.go:296.2,296.39 1 0
github.com/vic-sdd/vic/internal/commands/auto.go:296.39,297.41 1 0
github.com/vic-sdd/vic/internal/commands/auto.go:297.41,300.4 2 0
github.com/vic-sdd/vic/internal/commands/auto.go:301.3,303.13 3 0
github.com/vic-sdd/vic/internal/commands/auto.go:307.2,307.46 1 0
github.com/vic-sdd/vic/internal/commands/auto.go:307.46,325.3 8 0
github.com/vic-sdd/vic/internal/commands/auto.go:327.2,330.53 3 0
github.com/vic-sdd/vic/internal/commands/auto.go:330.53,332.3 1 0
github.com/vic-sdd/vic/internal/commands/auto.go:334.2,338.12 4 0
github.com/vic-sdd/vic/internal/commands/auto.go:346.56,352.55 1 0
github.com/vic-sdd/vic/internal/commands/auto.go:352.55,354.4 1 0
github.com/vic-sdd/vic/internal/commands/auto.go:358.44,360.16 2 0
github.com/vic-sdd/vic/internal/commands/auto.go:360.16,362.3 1 0
github.com/vic-sdd/vic/internal/commands/auto.go:364.2,364.37 1 0
github.com/vic-sdd/vic/internal/commands/auto.go:364.37,367.3 2 0
github.com/vic-sdd/vic/internal/commands/auto.go:369.2,373.38 3 0
github.com/vic-sdd/vic/internal/commands/auto.go:373.38,376.3 2 0
github.com/vic-sdd/vic/internal/commands/auto.go:379.2,382.53 3 0
github.com/vic-sdd/vic/internal/commands/auto.go:382.53,384.3 1 0
github.com/vic-sdd/vic/internal/commands/auto.go:386.2,391.12 5 0
github.com/vic-sdd/vic/internal/commands/auto.go:398.69,399.42 1 0
github.com/vic-sdd/vic/internal/commands/auto.go:399.42,426.3 1 0
github.com/vic-sdd/vic/internal/commands/auto.go:428.2,429.16 2 0
github.com/vic-sdd/vic/internal/commands/auto.go:429.16,431.3 1 0
github.com/vic-sdd/vic/internal/commands/auto.go:433.2,434.56 2 0
github.com/vic-sdd/vic/internal/commands/auto.go:434.56,436.3 1 0
github.com/vic-sdd/vic/internal/commands/auto.go:438.2,438.23 1 0
github.com/vic-sdd/vic/internal/commands/auto.go:441.76,444.34 2 0
github.com/vic-sdd/vic/internal/commands/auto.go:444.34,445.54 1 0
github.com/vic-sdd/vic/internal/commands/auto.go:445.54,447.4 1 0
github.com/vic-sdd/vic/internal/commands/auto.go:450.2,451.16 2 0
github.com/vic-sdd/vic/internal/commands/auto.go:451.16,453.3 1 0
github.com/vic-sdd/vic/internal/commands/auto.go:455.2,460.87 2 0
github.com/vic-sdd/vic/internal/commands/auto.go:460.87,462.3 1 0
github.com/vic-sdd/vic/internal/commands/auto.go:464.2,464.12 1 0
github.com/vic-sdd/vic/internal/commands/auto.go:467.76,468.45 1 0
github.com/vic-sdd/vic/internal/commands/auto.go:468.45,470.3 1 0
github.com/vic-sdd/vic/internal/commands/auto.go:472.2,473.16 2 0
github.com/vic-sdd/vic/internal/commands/auto.go:473.16,475.3 1 0
github.com/vic-sdd/vic/internal/commands/auto.go:477.2,478.56 2 0
github.com/vic-sdd/vic/internal/commands/auto.go:478.56,480.3 1 0
github.com/vic-sdd/vic/internal/commands/auto.go:482.2,482.23 1 0
github.com/vic-sdd/vic/internal/commands/code_scanner.go:41.53,55.2 1 1
github.com/vic-sdd/vic/internal/commands/code_scanner.go:58.49,61.83 2 1
github.com/vic-sdd/vic/internal/commands/code_scanner.go:61.83,62.17 1 1
github.com/vic-sdd/vic/internal/commands/code_scanner.go:62.17,64.4 1 0
github.com/vic-sdd/vic/internal/commands/code_scanner.go:66.3,66.19 1 1
github.com/vic-sdd/vic/internal/commands/code_scanner.go:66.19,67.36 1 1
github.com/vic-sdd/vic/internal/commands/code_scanner.go:67.36,68.37 1 1
github.com/vic-sdd/vic/internal/commands/code_scanner.go:68.37,70.6 1 1
github.com/vic-sdd/vic/internal/commands/code_scanner.go:72.4,72.14 1 1
github.com/vic-sdd/vic/internal/commands/code_scanner.go:75.3,76.25 2 1
github.com/vic-sdd/vic/internal/commands/code_scanner.go:76.25,78.4 1 1
github.com/vic-sdd/vic/internal/commands/code_scanner.go:80.3,81.17 2 1
github.com/vic-sdd/vic/internal/commands/code_scanner.go:81.17,83.4 1 0
github.com/vic-sdd/vic/internal/commands/code_scanner.go:84.3,89.22 4 1
github.com/vic-sdd/vic/internal/commands/code_scanner.go:89.22,100.48 4 1
github.com/vic-sdd/vic/internal/commands/code_scanner.go:100.48,102.88 2 1
github.com/vic-sdd/vic/internal/commands/code_scanner.go:102.88,109.26 2 1
github.com/vic-sdd/vic/internal/commands/code_scanner.go:109.26,111.7 1 1
github.com/vic-sdd/vic/internal/commands/code_scanner.go:113.6,113.22 1 1
github.com/vic-sdd/vic/internal/commands/code_scanner.go:114.26,115.29 1 1
github.com/vic-sdd/vic/internal/commands/code_scanner.go:116.18,117.31 1 1
github.com/vic-sdd/vic/internal/commands/code_scanner.go:118.14,119.28 1 1
github.com/vic-sdd/vic/internal/commands/code_scanner.go:122.6,122.33 1 1
github.com/vic-sdd/vic/internal/commands/code_scanner.go:127.3,127.13 1 1
github.com/vic-sdd/vic/internal/commands/code_scanner.go:130.2,130.14 1 1
github.com/vic-sdd/vic/internal/commands/code_scanner.go:134.76,137.83 2 1
github.com/vic-sdd/vic/internal/commands/code_scanner.go:137.83,138.17 1 1
github.com/vic-sdd/vic/internal/commands/code_scanner.go:138.17,140.4 1 0
github.com/vic-sdd/vic/internal/commands/code_scanner.go:142.3,142.19 1 1
github.com/vic-sdd/vic/internal/commands/code_scanner.go:142.19,143.36 1 1
github.com/vic-sdd/vic/internal/commands/code_scanner.go:143.36,144.37 1 1
github.com/vic-sdd/vic/internal/commands/code_scanner.go:144.37,146.6 1 0
github.com/vic-sdd/vic/internal/commands/code_scanner.go:148.4,148.14 1 1
github.com/vic-sdd/vic/internal/commands/code_scanner.go:151.3,152.25 2 1
github.com/vic-sdd/vic/internal/commands/code_scanner.go:152.25,154.4 1 0
github.com/vic-sdd/vic/internal/commands/code_scanner.go:156.3,157.17 2 1
github.com/vic-sdd/vic/internal/commands/code_scanner.go:157.17,159.4 1 0
github.com/vic-sdd/vic/internal/commands/code_scanner.go:160.3,165.22 4 1
github.com/vic-sdd/vic/internal/commands/code_scanner.go:165.22,169.31 3 1
github.com/vic-sdd/vic/internal/commands/code_scanner.go:169.31,170.32 1 1
github.com/vic-sdd/vic/internal/commands/code_scanner.go:170.32,179.6 2 1
github.com/vic-sdd/vic/internal/commands/code_scanner.go:183.3,183.13 1 1
github.com/vic-sdd/vic/internal/commands/code_scanner.go:186.2,186.19 1 1
github.com/vic-sdd/vic/internal/commands/code_scanner.go:190.64,191.14 1 1
github.com/vic-sdd/vic/internal/commands/code_scanner.go:192.25,193.79 1 0
github.com/vic-sdd/vic/internal/commands/code_scanner.go:194.28,195.94 1 1
github.com/vic-sdd/vic/internal/commands/code_scanner.go:196.31,197.120 1 1
github.com/vic-sdd/vic/internal/commands/code_scanner.go:199.2,199.14 1 0
github.com/vic-sdd/vic/internal/commands/code_scanner.go:203.61,204.14 1 1
github.com/vic-sdd/vic/internal/commands/code_scanner.go:205.25,206.19 1 0
github.com/vic-sdd/vic/internal/commands/code_scanner.go:207.28,208.17 1 1
github.com/vic-sdd/vic/internal/commands/code_scanner.go:209.31,210.17 1 1
github.com/vic-sdd/vic/internal/commands/code_scanner.go:212.2,212.18 1 0
github.com/vic-sdd/vic/internal/commands/code_scanner.go:216.58,223.2 2 1
github.com/vic-sdd/vic/internal/commands/cost.go:15.52,31.2 6 0
github.com/vic-sdd/vic/internal/commands/cost.go:38.56,45.55 1 0
github.com/vic-sdd/vic/internal/commands/cost.go:45.55,47.4 1 0
github.com/vic-sdd/vic/internal/commands/cost.go:51.44,53.44 1 0
github.com/vic-sdd/vic/internal/commands/cost.go:53.44,58.3 4 0
github.com/vic-sdd/vic/internal/commands/cost.go:61.2,84.57 2 0
github.com/vic-sdd/vic/internal/commands/cost.go:84.57,86.3 1 0
github.com/vic-sdd/vic/internal/commands/cost.go:88.2,98.12 10 0
github.com/vic-sdd/vic/internal/commands/cost.go:106.58,112.55 1 0
github.com/vic-sdd/vic/internal/commands/cost.go:112.55,114.4 1 0
github.com/vic-sdd/vic/internal/commands/cost.go:118.46,120.16 2 0
github.com/vic-sdd/vic/internal/commands/cost.go:120.16,124.3 3 0
github.com/vic-sdd/vic/internal/commands/cost.go:126.2,147.42 16 0
github.com/vic-sdd/vic/internal/commands/cost.go:147.42,158.118 9 0
github.com/vic-sdd/vic/internal/commands/cost.go:158.118,160.79 2 0
github.com/vic-sdd/vic/internal/commands/cost.go:160.79,162.5 1 0
github.com/vic-sdd/vic/internal/commands/cost.go:162.10,164.5 1 0
github.com/vic-sdd/vic/internal/commands/cost.go:168.2,171.12 3 0
github.com/vic-sdd/vic/internal/commands/cost.go:179.61,187.55 1 0
github.com/vic-sdd/vic/internal/commands/cost.go:187.55,189.4 1 0
github.com/vic-sdd/vic/internal/commands/cost.go:193.67,195.64 2 0
github.com/vic-sdd/vic/internal/commands/cost.go:195.64,197.3 1 0
github.com/vic-sdd/vic/internal/commands/cost.go:199.2,200.16 2 0
github.com/vic-sdd/vic/internal/commands/cost.go:200.16,212.3 1 0
github.com/vic-sdd/vic/internal/commands/cost.go:214.2,216.56 2 0
github.com/vic-sdd/vic/internal/commands/cost.go:216.56,218.3 1 0
github.com/vic-sdd/vic/internal/commands/cost.go:220.2,220.17 1 0
github.com/vic-sdd/vic/internal/commands/cost.go:220.17,222.3 1 0
github.com/vic-sdd/vic/internal/commands/cost.go:222.8,224.3 1 0
github.com/vic-sdd/vic/internal/commands/cost.go:226.2,226.12 1 0
github.com/vic-sdd/vic/internal/commands/cost.go:234.55,241.55 1 0
github.com/vic-sdd/vic/internal/commands/cost.go:241.55,247.4 5 0
github.com/vic-sdd/vic/internal/commands/cost.go:251.101,253.16 2 0
github.com/vic-sdd/vic/internal/commands/cost.go:253.16,265.3 1 0
github.com/vic-sdd/vic/internal/commands/cost.go:268.2,278.157 7 0
github.com/vic-sdd/vic/internal/commands/cost.go:278.157,279.39 1 0
github.com/vic-sdd/vic/internal/commands/cost.go:279.39,283.4 3 0
github.com/vic-sdd/vic/internal/commands/cost.go:286.2,286.117 1 0
github.com/vic-sdd/vic/internal/commands/cost.go:286.117,287.41 1 0
github.com/vic-sdd/vic/internal/commands/cost.go:287.41,289.4 1 0
github.com/vic-sdd/vic/internal/commands/cost.go:292.2,292.56 1 0
github.com/vic-sdd/vic/internal/commands/cost.go:292.56,294.3 1 0
github.com/vic-sdd/vic/internal/commands/cost.go:296.2,301.12 5 0
github.com/vic-sdd/vic/internal/commands/cost.go:308.83,311.34 2 0
github.com/vic-sdd/vic/internal/commands/cost.go:311.34,312.54 1 0
github.com/vic-sdd/vic/internal/commands/cost.go:312.54,314.4 1 0
github.com/vic-sdd/vic/internal/commands/cost.go:317.2,318.16 2 0
github.com/vic-sdd/vic/internal/commands/cost.go:318.16,320.3 1 0
github.com/vic-sdd/vic/internal/commands/cost.go:322.2,327.90 2 0
github.com/vic-sdd/vic/internal/commands/cost.go:327.90,329.3 1 0
github.com/vic-sdd/vic/internal/commands/cost.go:331.2,331.12 1 0
github.com/vic-sdd/vic/internal/commands/debug.go:51.53,75.2 10 0
github.com/vic-sdd/vic/internal/commands/debug.go:78.58,86.55 2 0
github.com/vic-sdd/vic/internal/commands/debug.go:86.55,88.4 1 0
github.com/vic-sdd/vic/internal/commands/debug.go:91.2,94.12 3 0
github.com/vic-sdd/vic/internal/commands/debug.go:97.62,132.2 22 0
github.com/vic-sdd/vic/internal/commands/debug.go:135.59,141.55 1 0
github.com/vic-sdd/vic/internal/commands/debug.go:141.55,143.4 1 0
github.com/vic-sdd/vic/internal/commands/debug.go:147.47,149.16 2 0
github.com/vic-sdd/vic/internal/commands/debug.go:149.16,152.3 2 0
github.com/vic-sdd/vic/internal/commands/debug.go:154.2,181.12 26 0
github.com/vic-sdd/vic/internal/commands/debug.go:185.60,191.55 1 0
github.com/vic-sdd/vic/internal/commands/debug.go:191.55,193.4 1 0
github.com/vic-sdd/vic/internal/commands/debug.go:197.48,199.16 2 0
github.com/vic-sdd/vic/internal/commands/debug.go:199.16,202.3 2 0
github.com/vic-sdd/vic/internal/commands/debug.go:204.2,229.12 24 0
github.com/vic-sdd/vic/internal/commands/debug.go:233.63,241.55 2 0
github.com/vic-sdd/vic/internal/commands/debug.go:241.55,243.4 1 0
github.com/vic-sdd/vic/internal/commands/debug.go:246.2,249.12 3 0
github.com/vic-sdd/vic/internal/commands/debug.go:252.71,254.16 2 0
github.com/vic-sdd/vic/internal/commands/debug.go:254.16,257.3 2 0
github.com/vic-sdd/vic/internal/commands/debug.go:259.2,286.12 26 0
github.com/vic-sdd/vic/internal/commands/debug.go:290.62,299.55 3 0
github.com/vic-sdd/vic/internal/commands/debug.go:299.55,301.4 1 0
github.com/vic-sdd/vic/internal/commands/debug.go:304.2,308.12 4 0
github.com/vic-sdd/vic/internal/commands/debug.go:311.73,313.16 2 0
github.com/vic-sdd/vic/internal/commands/debug.go:313.16,316.3 2 0
github.com/vic-sdd/vic/internal/commands/debug.go:318.2,320.21 3 0
github.com/vic-sdd/vic/internal/commands/debug.go:320.21,322.3 1 0
github.com/vic-sdd/vic/internal/commands/debug.go:323.2,340.21 9 0
github.com/vic-sdd/vic/internal/commands/debug.go:340.21,342.3 1 0
github.com/vic-sdd/vic/internal/commands/debug.go:343.2,357.12 14 0
github.com/vic-sdd/vic/internal/commands/debug.go:361.59,367.55 1 0
github.com/vic-sdd/vic/internal/commands/debug.go:367.55,369.4 1 0
github.com/vic-sdd/vic/internal/commands/debug.go:373.47,375.16 2 0
github.com/vic-sdd/vic/internal/commands/debug.go:375.16,378.3 2 0
github.com/vic-sdd/vic/internal/commands/debug.go:380.2,382.30 3 0
github.com/vic-sdd/vic/internal/commands/debug.go:383.17,385.24 2 0
github.com/vic-sdd/vic/internal/commands/debug.go:386.20,388.27 2 0
github.com/vic-sdd/vic/internal/commands/debug.go:389.19,391.26 2 0
github.com/vic-sdd/vic/internal/commands/debug.go:394.2,402.28 9 0
github.com/vic-sdd/vic/internal/commands/debug.go:402.28,404.30 2 0
github.com/vic-sdd/vic/internal/commands/debug.go:404.30,406.4 1 0
github.com/vic-sdd/vic/internal/commands/debug.go:407.8,407.34 1 0
github.com/vic-sdd/vic/internal/commands/debug.go:407.34,409.3 1 0
github.com/vic-sdd/vic/internal/commands/debug.go:410.2,413.12 3 0
github.com/vic-sdd/vic/internal/commands/debug.go:417.59,423.55 1 0
github.com/vic-sdd/vic/internal/commands/debug.go:423.55,425.4 1 0
github.com/vic-sdd/vic/internal/commands/debug.go:429.47,431.16 2 0
github.com/vic-sdd/vic/internal/commands/debug.go:431.16,434.3 2 0
github.com/vic-sdd/vic/internal/commands/debug.go:436.2,449.28 12 0
github.com/vic-sdd/vic/internal/commands/debug.go:449.28,451.30 2 0
github.com/vic-sdd/vic/internal/commands/debug.go:451.30,453.4 1 0
github.com/vic-sdd/vic/internal/commands/debug.go:454.8,457.3 2 0
github.com/vic-sdd/vic/internal/commands/debug.go:459.2,459.23 1 0
github.com/vic-sdd/vic/internal/commands/debug.go:459.23,462.30 3 0
github.com/vic-sdd/vic/internal/commands/debug.go:462.30,464.4 1 0
github.com/vic-sdd/vic/internal/commands/debug.go:467.2,470.12 3 0
github.com/vic-sdd/vic/internal/commands/debug.go:474.60,480.55 1 0
github.com/vic-sdd/vic/internal/commands/debug.go:480.55,482.4 1 0
github.com/vic-sdd/vic/internal/commands/debug.go:486.48,488.42 2 0
github.com/vic-sdd/vic/internal/commands/debug.go:488.42,491.3 2 0
github.com/vic-sdd/vic/internal/commands/debug.go:493.2,498.33 5 0
github.com/vic-sdd/vic/internal/commands/debug.go:498.33,500.23 2 0
github.com/vic-sdd/vic/internal/commands/debug.go:500.23,502.4 1 0
github.com/vic-sdd/vic/internal/commands/debug.go:503.3,505.24 3 0
github.com/vic-sdd/vic/internal/commands/debug.go:505.24,507.4 1 0
github.com/vic-sdd/vic/internal/commands/debug.go:508.3,508.18 1 0
github.com/vic-sdd/vic/internal/commands/debug.go:511.2,515.12 4 0
github.com/vic-sdd/vic/internal/commands/debug.go:522.65,525.16 3 0
github.com/vic-sdd/vic/internal/commands/debug.go:525.16,527.3 1 0
github.com/vic-sdd/vic/internal/commands/debug.go:529.2,530.55 2 0
github.com/vic-sdd/vic/internal/commands/debug.go:530.55,532.3 1 0
github.com/vic-sdd/vic/internal/commands/debug.go:533.2,533.21 1 0
github.com/vic-sdd/vic/internal/commands/debug.go:536.65,540.2 3 0
github.com/vic-sdd/vic/internal/commands/debug.go:542.59,545.16 3 0
github.com/vic-sdd/vic/internal/commands/debug.go:545.16,547.3 1 0
github.com/vic-sdd/vic/internal/commands/debug.go:549.2,550.51 2 0
github.com/vic-sdd/vic/internal/commands/debug.go:550.51,552.3 1 0
github.com/vic-sdd/vic/internal/commands/debug.go:553.2,553.21 1 0
github.com/vic-sdd/vic/internal/commands/debug.go:556.65,561.19 4 0
github.com/vic-sdd/vic/internal/commands/debug.go:561.19,563.3 1 0
github.com/vic-sdd/vic/internal/commands/debug.go:565.2,569.37 4 0
github.com/vic-sdd/vic/internal/commands/debug.go:572.57,575.16 3 0
github.com/vic-sdd/vic/internal/commands/debug.go:575.16,577.3 1 0
github.com/vic-sdd/vic/internal/commands/debug.go:579.2,580.51 2 0
github.com/vic-sdd/vic/internal/commands/debug.go:580.51,582.3 1 0
github.com/vic-sdd/vic/internal/commands/debug.go:583.2,583.17 1 0
github.com/vic-sdd/vic/internal/commands/deps.go:12.52,37.2 7 0
github.com/vic-sdd/vic/internal/commands/deps.go:44.56,52.55 2 0
github.com/vic-sdd/vic/internal/commands/deps.go:52.55,54.4 1 0
github.com/vic-sdd/vic/internal/commands/deps.go:57.2,59.12 2 0
github.com/vic-sdd/vic/internal/commands/deps.go:62.63,67.22 3 0
github.com/vic-sdd/vic/internal/commands/deps.go:67.22,69.3 1 0
github.com/vic-sdd/vic/internal/commands/deps.go:72.2,76.16 3 0
github.com/vic-sdd/vic/internal/commands/deps.go:76.16,78.3 1 0
github.com/vic-sdd/vic/internal/commands/deps.go:81.2,84.48 2 0
github.com/vic-sdd/vic/internal/commands/deps.go:84.48,86.3 1 0
github.com/vic-sdd/vic/internal/commands/deps.go:88.2,90.12 2 0
github.com/vic-sdd/vic/internal/commands/deps.go:98.58,106.55 1 0
github.com/vic-sdd/vic/internal/commands/deps.go:106.55,108.4 1 0
github.com/vic-sdd/vic/internal/commands/deps.go:111.2,111.12 1 0
github.com/vic-sdd/vic/internal/commands/deps.go:114.62,117.16 2 0
github.com/vic-sdd/vic/internal/commands/deps.go:117.16,122.17 4 0
github.com/vic-sdd/vic/internal/commands/deps.go:122.17,124.4 1 0
github.com/vic-sdd/vic/internal/commands/deps.go:125.3,125.62 1 0
github.com/vic-sdd/vic/internal/commands/deps.go:125.62,127.4 1 0
github.com/vic-sdd/vic/internal/commands/deps.go:131.2,133.23 2 0
github.com/vic-sdd/vic/internal/commands/deps.go:133.23,136.3 2 0
github.com/vic-sdd/vic/internal/commands/deps.go:138.2,141.28 3 0
github.com/vic-sdd/vic/internal/commands/deps.go:141.28,143.3 1 0
github.com/vic-sdd/vic/internal/commands/deps.go:145.2,147.12 2 0
github.com/vic-sdd/vic/internal/commands/deps.go:155.58,163.55 1 0
github.com/vic-sdd/vic/internal/commands/deps.go:163.55,165.4 1 0
github.com/vic-sdd/vic/internal/commands/deps.go:168.2,168.12 1 0
github.com/vic-sdd/vic/internal/commands/deps.go:171.65,174.16 2 0
github.com/vic-sdd/vic/internal/commands/deps.go:174.16,176.3 1 0
github.com/vic-sdd/vic/internal/commands/deps.go:179.2,181.19 2 0
github.com/vic-sdd/vic/internal/commands/deps.go:181.19,185.3 3 0
github.com/vic-sdd/vic/internal/commands/deps.go:187.2,192.35 4 0
github.com/vic-sdd/vic/internal/commands/deps.go:192.35,194.47 2 0
github.com/vic-sdd/vic/internal/commands/deps.go:194.47,196.4 1 0
github.com/vic-sdd/vic/internal/commands/deps.go:197.3,197.16 1 0
github.com/vic-sdd/vic/internal/commands/deps.go:201.2,201.37 1 0
github.com/vic-sdd/vic/internal/commands/deps.go:201.37,203.49 2 0
github.com/vic-sdd/vic/internal/commands/deps.go:203.49,205.4 1 0
github.com/vic-sdd/vic/internal/commands/deps.go:206.3,206.16 1 0
github.com/vic-sdd/vic/internal/commands/deps.go:210.2,210.30 1 0
github.com/vic-sdd/vic/internal/commands/deps.go:210.30,212.39 2 0
github.com/vic-sdd/vic/internal/commands/deps.go:212.39,214.4 1 0
github.com/vic-sdd/vic/internal/commands/deps.go:215.3,215.16 1 0
github.com/vic-sdd/vic/internal/commands/deps.go:219.2,227.63 7 0
github.com/vic-sdd/vic/internal/commands/deps.go:227.63,229.3 1 0
github.com/vic-sdd/vic/internal/commands/deps.go:230.2,230.64 1 0
github.com/vic-sdd/vic/internal/commands/deps.go:230.64,232.3 1 0
github.com/vic-sdd/vic/internal/commands/deps.go:233.2,235.12 2 0
github.com/vic-sdd/vic/internal/commands/deps.go:243.59,251.55 1 0
github.com/vic-sdd/vic/internal/commands/deps.go:251.55,253.4 1 0
github.com/vic-sdd/vic/internal/commands/deps.go:256.2,256.12 1 0
github.com/vic-sdd/vic/internal/commands/deps.go:259.66,262.16 2 0
github.com/vic-sdd/vic/internal/commands/deps.go:262.16,264.3 1 0
github.com/vic-sdd/vic/internal/commands/deps.go:267.2,269.19 2 0
github.com/vic-sdd/vic/internal/commands/deps.go:269.19,273.3 3 0
github.com/vic-sdd/vic/internal/commands/deps.go:275.2,278.31 3 0
github.com/vic-sdd/vic/internal/commands/deps.go:278.31,281.3 2 0
github.com/vic-sdd/vic/internal/commands/deps.go:281.8,283.42 2 0
github.com/vic-sdd/vic/internal/commands/deps.go:283.42,285.4 1 0
github.com/vic-sdd/vic/internal/commands/deps.go:288.2,288.12 1 0
github.com/vic-sdd/vic/internal/commands/deps.go:296.56,302.55 1 0
github.com/vic-sdd/vic/internal/commands/deps.go:302.55,304.4 1 0
github.com/vic-sdd/vic/internal/commands/deps.go:307.2,307.12 1 0
github.com/vic-sdd/vic/internal/commands/deps.go:310.44,313.16 2 0
github.com/vic-sdd/vic/internal/commands/deps.go:313.16,318.17 4 0
github.com/vic-sdd/vic/internal/commands/deps.go:318.17,320.4 1 0
github.com/vic-sdd/vic/internal/commands/deps.go:321.3,321.62 1 0
github.com/vic-sdd/vic/internal/commands/deps.go:321.62,323.4 1 0
github.com/vic-sdd/vic/internal/commands/deps.go:326.2,329.35 3 0
github.com/vic-sdd/vic/internal/commands/deps.go:329.35,331.27 2 0
github.com/vic-sdd/vic/internal/commands/deps.go:331.27,333.4 1 0
github.com/vic-sdd/vic/internal/commands/deps.go:334.3,334.26 1 0
github.com/vic-sdd/vic/internal/commands/deps.go:334.26,336.4 1 0
github.com/vic-sdd/vic/internal/commands/deps.go:337.3,337.18 1 0
github.com/vic-sdd/vic/internal/commands/deps.go:337.18,339.4 1 0
github.com/vic-sdd/vic/internal/commands/deps.go:340.3,340.45 1 0
github.com/vic-sdd/vic/internal/commands/deps.go:343.2,346.12 3 0
github.com/vic-sdd/vic/internal/commands/deps.go:353.47,358.40 3 0
github.com/vic-sdd/vic/internal/commands/deps.go:358.40,360.3 1 0
github.com/vic-sdd/vic/internal/commands/deps.go:362.2,364.39 3 0
github.com/vic-sdd/vic/internal/commands/deps.go:364.39,366.3 1 0
github.com/vic-sdd/vic/internal/commands/deps.go:367.2,368.57 2 0
github.com/vic-sdd/vic/internal/commands/deps.go:371.40,373.22 2 0
github.com/vic-sdd/vic/internal/commands/deps.go:373.22,375.3 1 0
github.com/vic-sdd/vic/internal/commands/deps.go:376.2,378.26 2 0
github.com/vic-sdd/vic/internal/commands/deps.go:378.26,380.35 2 0
github.com/vic-sdd/vic/internal/commands/deps.go:380.35,382.4 1 0
github.com/vic-sdd/vic/internal/commands/deps.go:384.2,384.25 1 0
github.com/vic-sdd/vic/internal/commands/deps.go:384.25,386.37 2 0
github.com/vic-sdd/vic/internal/commands/deps.go:386.37,388.4 1 0
github.com/vic-sdd/vic/internal/commands/deps_sync.go:13.56,32.55 3 0
github.com/vic-sdd/vic/internal/commands/deps_sync.go:32.55,34.4 1 0
github.com/vic-sdd/vic/internal/commands/deps_sync.go:37.2,40.12 3 0
github.com/vic-sdd/vic/internal/commands/deps_sync.go:43.74,46.29 2 0
github.com/vic-sdd/vic/internal/commands/deps_sync.go:46.29,47.23 1 0
github.com/vic-sdd/vic/internal/commands/deps_sync.go:47.23,50.4 2 0
github.com/vic-sdd/vic/internal/commands/deps_sync.go:50.9,57.4 6 0
github.com/vic-sdd/vic/internal/commands/deps_sync.go:58.3,58.13 1 0
github.com/vic-sdd/vic/internal/commands/deps_sync.go:61.2,61.22 1 0
github.com/vic-sdd/vic/internal/commands/deps_sync.go:61.22,63.3 1 0
github.com/vic-sdd/vic/internal/commands/deps_sync.go:65.2,71.14 5 0
github.com/vic-sdd/vic/internal/commands/deps_sync.go:71.14,72.23 1 0
github.com/vic-sdd/vic/internal/commands/deps_sync.go:72.23,74.4 1 0
github.com/vic-sdd/vic/internal/commands/deps_sync.go:75.3,76.17 2 0
github.com/vic-sdd/vic/internal/commands/deps_sync.go:76.17,79.23 2 0
github.com/vic-sdd/vic/internal/commands/deps_sync.go:79.23,83.5 3 0
github.com/vic-sdd/vic/internal/commands/deps_sync.go:85.8,86.23 1 0
github.com/vic-sdd/vic/internal/commands/deps_sync.go:86.23,88.4 1 0
github.com/vic-sdd/vic/internal/commands/deps_sync.go:89.3,89.56 1 0
github.com/vic-sdd/vic/internal/commands/deps_sync.go:92.2,94.16 2 0
github.com/vic-sdd/vic/internal/commands/deps_sync.go:94.16,96.3 1 0
github.com/vic-sdd/vic/internal/commands/deps_sync.go:99.2,99.22 1 0
github.com/vic-sdd/vic/internal/commands/deps_sync.go:99.22,101.15 2 0
github.com/vic-sdd/vic/internal/commands/deps_sync.go:101.15,103.4 1 0
github.com/vic-sdd/vic/internal/commands/deps_sync.go:104.3,106.13 3 0
github.com/vic-sdd/vic/internal/commands/deps_sync.go:110.2,114.14 4 0
github.com/vic-sdd/vic/internal/commands/deps_sync.go:114.14,116.3 1 0
github.com/vic-sdd/vic/internal/commands/deps_sync.go:116.8,117.16 1 0
github.com/vic-sdd/vic/internal/commands/deps_sync.go:117.16,119.4 1 0
github.com/vic-sdd/vic/internal/commands/deps_sync.go:120.3,120.18 1 0
github.com/vic-sdd/vic/internal/commands/deps_sync.go:120.18,122.4 1 0
github.com/vic-sdd/vic/internal/commands/deps_sync.go:123.3,123.18 1 0
github.com/vic-sdd/vic/internal/commands/deps_sync.go:123.18,125.4 1 0
github.com/vic-sdd/vic/internal/commands/deps_sync.go:126.3,126.49 1 0
github.com/vic-sdd/vic/internal/commands/deps_sync.go:126.49,128.4 1 0
github.com/vic-sdd/vic/internal/commands/deps_sync.go:131.2,135.12 4 0
github.com/vic-sdd/vic/internal/commands/design.go:14.54,29.2 5 0
github.com/vic-sdd/vic/internal/commands/design.go:32.58,40.55 2 0
github.com/vic-sdd/vic/internal/commands/design.go:40.55,41.18 1 0
github.com/vic-sdd/vic/internal/commands/design.go:41.18,43.5 1 0
github.com/vic-sdd/vic/internal/commands/design.go:44.4,44.35 1 0
github.com/vic-sdd/vic/internal/commands/design.go:48.2,50.12 2 0
github.com/vic-sdd/vic/internal/commands/design.go:53.66,57.47 2 0
github.com/vic-sdd/vic/internal/commands/design.go:57.47,62.3 4 0
github.com/vic-sdd/vic/internal/commands/design.go:65.2,68.72 2 0
github.com/vic-sdd/vic/internal/commands/design.go:68.72,70.3 1 0
github.com/vic-sdd/vic/internal/commands/design.go:72.2,79.12 7 0
github.com/vic-sdd/vic/internal/commands/design.go:82.56,181.2 82 0
github.com/vic-sdd/vic/internal/commands/design.go:184.60,190.55 1 0
github.com/vic-sdd/vic/internal/commands/design.go:190.55,192.4 1 0
github.com/vic-sdd/vic/internal/commands/design.go:196.30,200.55 2 0
github.com/vic-sdd/vic/internal/commands/design.go:200.55,205.3 4 0
github.com/vic-sdd/vic/internal/commands/design.go:208.2,209.16 2 0
github.com/vic-sdd/vic/internal/commands/design.go:209.16,211.3 1 0
github.com/vic-sdd/vic/internal/commands/design.go:213.2,236.35 7 0
github.com/vic-sdd/vic/internal/commands/design.go:236.35,239.56 3 0
github.com/vic-sdd/vic/internal/commands/design.go:239.56,240.116 1 0
github.com/vic-sdd/vic/internal/commands/design.go:240.116,242.10 2 0
github.com/vic-sdd/vic/internal/commands/design.go:245.3,245.55 1 0
github.com/vic-sdd/vic/internal/commands/design.go:245.55,247.4 1 0
github.com/vic-sdd/vic/internal/commands/design.go:248.3,248.12 1 0
github.com/vic-sdd/vic/internal/commands/design.go:248.12,251.4 2 0
github.com/vic-sdd/vic/internal/commands/design.go:251.9,253.4 1 0
github.com/vic-sdd/vic/internal/commands/design.go:256.2,259.31 3 0
github.com/vic-sdd/vic/internal/commands/design.go:259.31,262.3 2 0
github.com/vic-sdd/vic/internal/commands/design.go:264.2,264.12 1 0
github.com/vic-sdd/vic/internal/commands/design.go:268.59,274.55 1 0
github.com/vic-sdd/vic/internal/commands/design.go:274.55,276.4 1 0
github.com/vic-sdd/vic/internal/commands/design.go:281.46,283.2 1 0
github.com/vic-sdd/vic/internal/commands/design.go:285.29,293.55 5 0
github.com/vic-sdd/vic/internal/commands/design.go:293.55,299.3 5 0
github.com/vic-sdd/vic/internal/commands/design.go:302.2,303.16 2 0
github.com/vic-sdd/vic/internal/commands/design.go:303.16,305.3 1 0
github.com/vic-sdd/vic/internal/commands/design.go:307.2,332.31 6 0
github.com/vic-sdd/vic/internal/commands/design.go:332.31,336.13 3 0
github.com/vic-sdd/vic/internal/commands/design.go:336.13,338.4 1 0
github.com/vic-sdd/vic/internal/commands/design.go:338.9,340.4 1 0
github.com/vic-sdd/vic/internal/commands/design.go:342.3,343.14 2 0
github.com/vic-sdd/vic/internal/commands/design.go:343.14,345.4 1 0
github.com/vic-sdd/vic/internal/commands/design.go:348.2,351.15 3 0
github.com/vic-sdd/vic/internal/commands/design.go:351.15,356.3 4 0
github.com/vic-sdd/vic/internal/commands/design.go:358.2,364.12 6 0
github.com/vic-sdd/vic/internal/commands/gate.go:13.52,29.2 6 0
github.com/vic-sdd/vic/internal/commands/gate.go:32.58,38.55 1 0
github.com/vic-sdd/vic/internal/commands/gate.go:38.55,40.4 1 0
github.com/vic-sdd/vic/internal/commands/gate.go:44.46,46.16 2 0
github.com/vic-sdd/vic/internal/commands/gate.go:46.16,48.3 1 0
github.com/vic-sdd/vic/internal/commands/gate.go:50.2,54.26 3 0
github.com/vic-sdd/vic/internal/commands/gate.go:54.26,56.10 2 0
github.com/vic-sdd/vic/internal/commands/gate.go:56.10,57.12 1 0
github.com/vic-sdd/vic/internal/commands/gate.go:60.3,62.26 2 0
github.com/vic-sdd/vic/internal/commands/gate.go:62.26,65.11 3 0
github.com/vic-sdd/vic/internal/commands/gate.go:65.11,66.13 1 0
github.com/vic-sdd/vic/internal/commands/gate.go:69.4,70.31 2 0
github.com/vic-sdd/vic/internal/commands/gate.go:70.31,72.5 1 0
github.com/vic-sdd/vic/internal/commands/gate.go:72.10,72.38 1 0
github.com/vic-sdd/vic/internal/commands/gate.go:72.38,74.5 1 0
github.com/vic-sdd/vic/internal/commands/gate.go:76.4,77.31 2 0
github.com/vic-sdd/vic/internal/commands/gate.go:77.31,79.5 1 0
github.com/vic-sdd/vic/internal/commands/gate.go:79.10,81.5 1 0
github.com/vic-sdd/vic/internal/commands/gate.go:85.2,85.12 1 0
github.com/vic-sdd/vic/internal/commands/gate.go:89.56,99.55 3 0
github.com/vic-sdd/vic/internal/commands/gate.go:99.55,101.4 1 0
github.com/vic-sdd/vic/internal/commands/gate.go:104.2,107.12 3 0
github.com/vic-sdd/vic/internal/commands/gate.go:110.71,111.32 1 0
github.com/vic-sdd/vic/internal/commands/gate.go:111.32,113.3 1 0
github.com/vic-sdd/vic/internal/commands/gate.go:115.2,116.16 2 0
github.com/vic-sdd/vic/internal/commands/gate.go:116.16,118.3 1 0
github.com/vic-sdd/vic/internal/commands/gate.go:121.2,125.9 4 0
github.com/vic-sdd/vic/internal/commands/gate.go:125.9,127.3 1 0
github.com/vic-sdd/vic/internal/commands/gate.go:129.2,130.9 2 0
github.com/vic-sdd/vic/internal/commands/gate.go:130.9,132.3 1 0
github.com/vic-sdd/vic/internal/commands/gate.go:135.2,139.17 5 0
github.com/vic-sdd/vic/internal/commands/gate.go:139.17,141.3 1 0
github.com/vic-sdd/vic/internal/commands/gate.go:144.2,147.62 3 0
github.com/vic-sdd/vic/internal/commands/gate.go:147.62,149.3 1 0
github.com/vic-sdd/vic/internal/commands/gate.go:151.2,152.17 2 0
github.com/vic-sdd/vic/internal/commands/gate.go:152.17,154.3 1 0
github.com/vic-sdd/vic/internal/commands/gate.go:156.2,156.12 1 0
github.com/vic-sdd/vic/internal/commands/gate.go:161.57,179.55 4 0
github.com/vic-sdd/vic/internal/commands/gate.go:179.55,180.16 1 0
github.com/vic-sdd/vic/internal/commands/gate.go:180.16,182.5 1 0
github.com/vic-sdd/vic/internal/commands/gate.go:183.4,183.52 1 0
github.com/vic-sdd/vic/internal/commands/gate.go:187.2,191.12 4 0
github.com/vic-sdd/vic/internal/commands/gate.go:195.80,197.16 2 0
github.com/vic-sdd/vic/internal/commands/gate.go:197.16,199.3 1 0
github.com/vic-sdd/vic/internal/commands/gate.go:202.2,202.18 1 0
github.com/vic-sdd/vic/internal/commands/gate.go:202.18,204.3 1 0
github.com/vic-sdd/vic/internal/commands/gate.go:206.2,206.34 1 0
github.com/vic-sdd/vic/internal/commands/gate.go:206.34,208.3 1 0
github.com/vic-sdd/vic/internal/commands/gate.go:210.2,211.9 2 0
github.com/vic-sdd/vic/internal/commands/gate.go:211.9,213.3 1 0
github.com/vic-sdd/vic/internal/commands/gate.go:216.2,218.25 3 0
github.com/vic-sdd/vic/internal/commands/gate.go:218.25,221.10 3 0
github.com/vic-sdd/vic/internal/commands/gate.go:221.10,222.12 1 0
github.com/vic-sdd/vic/internal/commands/gate.go:224.3,224.30 1 0
github.com/vic-sdd/vic/internal/commands/gate.go:224.30,226.4 1 0
github.com/vic-sdd/vic/internal/commands/gate.go:227.3,232.5 1 0
github.com/vic-sdd/vic/internal/commands/gate.go:236.2,236.22 1 0
github.com/vic-sdd/vic/internal/commands/gate.go:236.22,238.33 2 0
github.com/vic-sdd/vic/internal/commands/gate.go:238.33,239.13 1 0
github.com/vic-sdd/vic/internal/commands/gate.go:239.13,241.5 1 0
github.com/vic-sdd/vic/internal/commands/gate.go:242.4,242.113 1 0
github.com/vic-sdd/vic/internal/commands/gate.go:244.3,246.13 3 0
github.com/vic-sdd/vic/internal/commands/gate.go:250.2,254.32 3 0
github.com/vic-sdd/vic/internal/commands/gate.go:254.32,256.30 2 0
github.com/vic-sdd/vic/internal/commands/gate.go:256.30,258.4 1 0
github.com/vic-sdd/vic/internal/commands/gate.go:258.9,258.37 1 0
github.com/vic-sdd/vic/internal/commands/gate.go:258.37,260.4 1 0
github.com/vic-sdd/vic/internal/commands/gate.go:262.3,264.25 3 0
github.com/vic-sdd/vic/internal/commands/gate.go:264.25,266.4 1 0
github.com/vic-sdd/vic/internal/commands/gate.go:267.3,267.44 1 0
github.com/vic-sdd/vic/internal/commands/gate.go:267.44,269.4 1 0
github.com/vic-sdd/vic/internal/commands/gate.go:272.2,273.15 2 0
github.com/vic-sdd/vic/internal/commands/gate.go:273.15,276.3 2 0
github.com/vic-sdd/vic/internal/commands/gate.go:276.8,280.3 3 0
github.com/vic-sdd/vic/internal/commands/gate.go:282.2,282.12 1 0
github.com/vic-sdd/vic/internal/commands/gate.go:287.72,289.16 2 0
github.com/vic-sdd/vic/internal/commands/gate.go:289.16,291.3 1 0
github.com/vic-sdd/vic/internal/commands/gate.go:293.2,294.9 2 0
github.com/vic-sdd/vic/internal/commands/gate.go:294.9,296.3 1 0
github.com/vic-sdd/vic/internal/commands/gate.go:299.2,299.25 1 0
github.com/vic-sdd/vic/internal/commands/gate.go:299.25,302.10 3 0
github.com/vic-sdd/vic/internal/commands/gate.go:302.10,303.12 1 0
github.com/vic-sdd/vic/internal/commands/gate.go:305.3,305.30 1 0
github.com/vic-sdd/vic/internal/commands/gate.go:305.30,307.4 1 0
github.com/vic-sdd/vic/internal/commands/gate.go:310.2,310.18 1 0
github.com/vic-sdd/vic/internal/commands/gate.go:314.68,316.16 2 0
github.com/vic-sdd/vic/internal/commands/gate.go:316.16,318.3 1 0
github.com/vic-sdd/vic/internal/commands/gate.go:320.2,323.31 2 0
github.com/vic-sdd/vic/internal/commands/gate.go:323.31,325.17 2 0
github.com/vic-sdd/vic/internal/commands/gate.go:325.17,327.4 1 0
github.com/vic-sdd/vic/internal/commands/gate.go:328.3,328.14 1 0
github.com/vic-sdd/vic/internal/commands/gate.go:328.14,330.4 1 0
github.com/vic-sdd/vic/internal/commands/gate.go:334.2,334.44 1 0
github.com/vic-sdd/vic/internal/commands/gate.go:338.59,345.16 5 0
github.com/vic-sdd/vic/internal/commands/gate.go:345.16,351.3 4 0
github.com/vic-sdd/vic/internal/commands/gate.go:354.2,354.18 1 0
github.com/vic-sdd/vic/internal/commands/gate.go:354.18,356.3 1 0
github.com/vic-sdd/vic/internal/commands/gate.go:359.2,361.33 2 0
github.com/vic-sdd/vic/internal/commands/gate.go:361.33,363.10 2 0
github.com/vic-sdd/vic/internal/commands/gate.go:363.10,364.12 1 0
github.com/vic-sdd/vic/internal/commands/gate.go:368.3,370.10 3 0
github.com/vic-sdd/vic/internal/commands/gate.go:370.10,371.12 1 0
github.com/vic-sdd/vic/internal/commands/gate.go:374.3,375.30 2 0
github.com/vic-sdd/vic/internal/commands/gate.go:375.30,377.4 1 0
github.com/vic-sdd/vic/internal/commands/gate.go:377.9,380.4 2 0
github.com/vic-sdd/vic/internal/commands/gate.go:382.3,383.20 2 0
github.com/vic-sdd/vic/internal/commands/gate.go:383.20,385.4 1 0
github.com/vic-sdd/vic/internal/commands/gate.go:387.3,388.47 2 0
github.com/vic-sdd/vic/internal/commands/gate.go:391.2,394.15 3 0
github.com/vic-sdd/vic/internal/commands/gate.go:394.15,398.3 3 0
github.com/vic-sdd/vic/internal/commands/gate.go:400.2,403.33 4 0
github.com/vic-sdd/vic/internal/commands/gate.go:403.33,405.10 2 0
github.com/vic-sdd/vic/internal/commands/gate.go:405.10,406.12 1 0
github.com/vic-sdd/vic/internal/commands/gate.go:408.3,410.36 3 0
github.com/vic-sdd/vic/internal/commands/gate.go:410.36,412.4 1 0
github.com/vic-sdd/vic/internal/commands/gate.go:414.2,418.67 4 0
github.com/vic-sdd/vic/internal/commands/gate.go:423.57,442.55 3 0
github.com/vic-sdd/vic/internal/commands/gate.go:442.55,444.4 1 0
github.com/vic-sdd/vic/internal/commands/gate.go:447.2,450.12 3 0
github.com/vic-sdd/vic/internal/commands/gate.go:453.80,456.16 2 0
github.com/vic-sdd/vic/internal/commands/gate.go:456.16,458.3 1 0
github.com/vic-sdd/vic/internal/commands/gate.go:460.2,465.28 5 0
github.com/vic-sdd/vic/internal/commands/gate.go:465.28,476.3 3 0
github.com/vic-sdd/vic/internal/commands/gate.go:479.2,491.35 9 0
github.com/vic-sdd/vic/internal/commands/gate.go:491.35,494.15 3 0
github.com/vic-sdd/vic/internal/commands/gate.go:494.15,496.4 1 0
github.com/vic-sdd/vic/internal/commands/gate.go:497.3,497.47 1 0
github.com/vic-sdd/vic/internal/commands/gate.go:500.2,505.39 5 0
github.com/vic-sdd/vic/internal/commands/gate.go:505.39,510.38 4 0
github.com/vic-sdd/vic/internal/commands/gate.go:510.38,515.4 2 0
github.com/vic-sdd/vic/internal/commands/gate.go:516.3,517.51 2 0
github.com/vic-sdd/vic/internal/commands/gate.go:518.8,518.20 1 0
github.com/vic-sdd/vic/internal/commands/gate.go:518.20,520.3 1 0
github.com/vic-sdd/vic/internal/commands/gate.go:520.8,522.3 1 0
github.com/vic-sdd/vic/internal/commands/gate.go:524.2,524.12 1 0
github.com/vic-sdd/vic/internal/commands/gate.go:527.44,530.24 3 0
github.com/vic-sdd/vic/internal/commands/gate.go:530.24,531.32 1 0
github.com/vic-sdd/vic/internal/commands/gate.go:531.32,533.4 1 0
github.com/vic-sdd/vic/internal/commands/gate.go:535.2,535.16 1 0
github.com/vic-sdd/vic/internal/commands/gate.go:538.46,539.26 1 0
github.com/vic-sdd/vic/internal/commands/gate.go:539.26,540.16 1 0
github.com/vic-sdd/vic/internal/commands/gate.go:540.16,542.4 1 0
github.com/vic-sdd/vic/internal/commands/gate.go:544.2,544.14 1 0
github.com/vic-sdd/vic/internal/commands/gate0.go:61.56,66.22 2 0
github.com/vic-sdd/vic/internal/commands/gate0.go:66.22,70.3 3 0
github.com/vic-sdd/vic/internal/commands/gate0.go:73.2,73.39 1 0
github.com/vic-sdd/vic/internal/commands/gate0.go:73.39,79.3 5 0
github.com/vic-sdd/vic/internal/commands/gate0.go:81.2,85.16 3 0
github.com/vic-sdd/vic/internal/commands/gate0.go:85.16,87.3 1 0
github.com/vic-sdd/vic/internal/commands/gate0.go:88.2,94.36 4 0
github.com/vic-sdd/vic/internal/commands/gate0.go:94.36,103.33 3 0
github.com/vic-sdd/vic/internal/commands/gate0.go:103.33,106.4 2 0
github.com/vic-sdd/vic/internal/commands/gate0.go:106.9,108.4 1 0
github.com/vic-sdd/vic/internal/commands/gate0.go:110.3,110.36 1 0
github.com/vic-sdd/vic/internal/commands/gate0.go:114.2,122.28 5 0
github.com/vic-sdd/vic/internal/commands/gate0.go:122.28,124.3 1 0
github.com/vic-sdd/vic/internal/commands/gate0.go:127.2,128.32 2 0
github.com/vic-sdd/vic/internal/commands/gate0.go:128.32,129.16 1 0
github.com/vic-sdd/vic/internal/commands/gate0.go:129.16,131.4 1 0
github.com/vic-sdd/vic/internal/commands/gate0.go:133.2,136.22 3 0
github.com/vic-sdd/vic/internal/commands/gate0.go:136.22,139.3 2 0
github.com/vic-sdd/vic/internal/commands/gate0.go:142.2,142.28 1 0
github.com/vic-sdd/vic/internal/commands/gate0.go:142.28,145.15 3 0
github.com/vic-sdd/vic/internal/commands/gate0.go:145.15,148.4 2 0
github.com/vic-sdd/vic/internal/commands/gate0.go:149.3,150.16 2 0
github.com/vic-sdd/vic/internal/commands/gate0.go:150.16,152.4 1 0
github.com/vic-sdd/vic/internal/commands/gate0.go:155.2,158.33 3 0
github.com/vic-sdd/vic/internal/commands/gate0.go:158.33,163.3 4 0
github.com/vic-sdd/vic/internal/commands/gate0.go:165.2,167.16 3 0
github.com/vic-sdd/vic/internal/commands/gate0.go:167.16,169.29 2 0
github.com/vic-sdd/vic/internal/commands/gate0.go:169.29,170.40 1 0
github.com/vic-sdd/vic/internal/commands/gate0.go:170.40,172.5 1 0
github.com/vic-sdd/vic/internal/commands/gate0.go:175.2,175.19 1 0
github.com/vic-sdd/vic/internal/commands/gate0.go:175.19,178.3 2 0
github.com/vic-sdd/vic/internal/commands/gate0.go:179.2,182.12 3 0
github.com/vic-sdd/vic/internal/commands/gate0.go:186.60,191.24 3 0
github.com/vic-sdd/vic/internal/commands/gate0.go:191.24,198.3 1 0
github.com/vic-sdd/vic/internal/commands/gate0.go:201.2,204.33 3 0
github.com/vic-sdd/vic/internal/commands/gate0.go:204.33,205.21 1 0
github.com/vic-sdd/vic/internal/commands/gate0.go:205.21,209.16 3 0
github.com/vic-sdd/vic/internal/commands/gate0.go:209.16,212.33 3 0
github.com/vic-sdd/vic/internal/commands/gate0.go:212.33,214.6 1 0
github.com/vic-sdd/vic/internal/commands/gate0.go:215.5,216.39 2 0
github.com/vic-sdd/vic/internal/commands/gate0.go:216.39,218.6 1 0
github.com/vic-sdd/vic/internal/commands/gate0.go:223.2,224.22 2 0
[...]
github.com/vic-sdd/vic/internal/embedding/chunker/typescript.go:114.10,114.23 1 0
github.com/vic-sdd/vic/internal/embedding/chunker/typescript.go:114.23,116.19 2 0
github.com/vic-sdd/vic/internal/embedding/chunker/typescript.go:116.19,118.6 1 0
github.com/vic-sdd/vic/internal/embedding/chunker/typescript.go:122.2,122.21 1 0
github.com/vic-sdd/vic/internal/embedding/chunker/typescript.go:125.57,128.31 2 0
github.com/vic-sdd/vic/internal/embedding/chunker/typescript.go:128.31,130.3 1 0
github.com/vic-sdd/vic/internal/embedding/chunker/typescript.go:133.2,138.41 4 0
github.com/vic-sdd/vic/internal/embedding/chunker/typescript.go:138.41,140.20 2 0
github.com/vic-sdd/vic/internal/embedding/chunker/typescript.go:140.20,146.4 4 0
github.com/vic-sdd/vic/internal/embedding/chunker/typescript.go:149.2,149.11 1 0
github.com/vic-sdd/vic/internal/embedding/chunker/typescript.go:152.24,153.11 1 0
github.com/vic-sdd/vic/internal/embedding/chunker/typescript.go:153.11,155.3 1 0
github.com/vic-sdd/vic/internal/embedding/chunker/typescript.go:156.2,156.10 1 0
github.com/vic-sdd/vic/internal/deps/deps.go:27.41,27.56 1 0
github.com/vic-sdd/vic/internal/deps/deps.go:28.41,28.67 1 0
github.com/vic-sdd/vic/internal/deps/deps.go:29.48,31.2 1 0
github.com/vic-sdd/vic/internal/deps/deps.go:33.57,37.16 3 0
github.com/vic-sdd/vic/internal/deps/deps.go:37.16,39.3 1 0
github.com/vic-sdd/vic/internal/deps/deps.go:41.2,42.32 2 0
github.com/vic-sdd/vic/internal/deps/deps.go:42.32,43.22 1 0
github.com/vic-sdd/vic/internal/deps/deps.go:43.22,45.4 1 0
github.com/vic-sdd/vic/internal/deps/deps.go:47.2,47.16 1 0
github.com/vic-sdd/vic/internal/deps/deps.go:53.45,53.64 1 0
github.com/vic-sdd/vic/internal/deps/deps.go:54.45,54.79 1 0
github.com/vic-sdd/vic/internal/deps/deps.go:56.52,59.2 1 0
github.com/vic-sdd/vic/internal/deps/deps.go:61.61,69.68 4 0
github.com/vic-sdd/vic/internal/deps/deps.go:69.68,70.21 1 0
github.com/vic-sdd/vic/internal/deps/deps.go:70.21,72.4 1 0
github.com/vic-sdd/vic/internal/deps/deps.go:75.2,75.72 1 0
github.com/vic-sdd/vic/internal/deps/deps.go:75.72,76.21 1 0
github.com/vic-sdd/vic/internal/deps/deps.go:76.21,78.4 1 0
github.com/vic-sdd/vic/internal/deps/deps.go:81.2,81.16 1 0
github.com/vic-sdd/vic/internal/deps/deps.go:84.44,86.51 1 0
github.com/vic-sdd/vic/internal/deps/deps.go:86.51,88.3 1 0
github.com/vic-sdd/vic/internal/deps/deps.go:90.2,91.57 2 0
github.com/vic-sdd/vic/internal/deps/deps.go:91.57,94.3 1 0
github.com/vic-sdd/vic/internal/deps/deps.go:95.2,95.17 1 0
github.com/vic-sdd/vic/internal/deps/deps.go:101.49,101.72 1 0
github.com/vic-sdd/vic/internal/deps/deps.go:102.49,102.91 1 0
github.com/vic-sdd/vic/internal/deps/deps.go:104.56,107.2 1 0
github.com/vic-sdd/vic/internal/deps/deps.go:109.65,117.68 4 0
github.com/vic-sdd/vic/internal/deps/deps.go:117.68,118.21 1 0
github.com/vic-sdd/vic/internal/deps/deps.go:118.21,120.4 1 0
github.com/vic-sdd/vic/internal/deps/deps.go:123.2,123.69 1 0
github.com/vic-sdd/vic/internal/deps/deps.go:123.69,124.21 1 0
github.com/vic-sdd/vic/internal/deps/deps.go:124.21,126.4 1 0
github.com/vic-sdd/vic/internal/deps/deps.go:129.2,129.16 1 0
github.com/vic-sdd/vic/internal/deps/deps.go:135.49,135.72 1 0
github.com/vic-sdd/vic/internal/deps/deps.go:136.49,136.99 1 0
github.com/vic-sdd/vic/internal/deps/deps.go:138.56,140.2 1 0
github.com/vic-sdd/vic/internal/deps/deps.go:142.65,152.68 5 0
github.com/vic-sdd/vic/internal/deps/deps.go:152.68,153.21 1 0
github.com/vic-sdd/vic/internal/deps/deps.go:153.21,155.4 1 0
github.com/vic-sdd/vic/internal/deps/deps.go:157.2,157.69 1 0
github.com/vic-sdd/vic/internal/deps/deps.go:157.69,158.21 1 0
github.com/vic-sdd/vic/internal/deps/deps.go:158.21,160.4 1 0
github.com/vic-sdd/vic/internal/deps/deps.go:162.2,162.72 1 0
github.com/vic-sdd/vic/internal/deps/deps.go:162.72,163.21 1 0
github.com/vic-sdd/vic/internal/deps/deps.go:163.21,165.4 1 0
github.com/vic-sdd/vic/internal/deps/deps.go:168.2,168.16 1 0
github.com/vic-sdd/vic/internal/deps/deps.go:205.47,219.53 3 0
github.com/vic-sdd/vic/internal/deps/deps.go:219.53,221.30 2 0
github.com/vic-sdd/vic/internal/deps/deps.go:221.30,222.61 1 0
github.com/vic-sdd/vic/internal/deps/deps.go:222.61,224.10 2 0
github.com/vic-sdd/vic/internal/deps/deps.go:229.2,229.17 1 0
github.com/vic-sdd/vic/internal/deps/deps.go:233.54,236.16 2 0
github.com/vic-sdd/vic/internal/deps/deps.go:236.16,238.3 1 0
github.com/vic-sdd/vic/internal/deps/deps.go:241.2,244.33 2 0
github.com/vic-sdd/vic/internal/deps/deps.go:244.33,246.31 2 0
github.com/vic-sdd/vic/internal/deps/deps.go:246.31,247.38 1 0
github.com/vic-sdd/vic/internal/deps/deps.go:247.38,249.40 2 0
github.com/vic-sdd/vic/internal/deps/deps.go:249.40,250.42 1 0
github.com/vic-sdd/vic/internal/deps/deps.go:250.42,252.7 1 0
github.com/vic-sdd/vic/internal/deps/deps.go:259.2,259.33 1 0
github.com/vic-sdd/vic/internal/deps/deps.go:259.33,260.40 1 0
github.com/vic-sdd/vic/internal/deps/deps.go:260.40,261.41 1 0
github.com/vic-sdd/vic/internal/deps/deps.go:261.41,262.51 1 0
github.com/vic-sdd/vic/internal/deps/deps.go:262.51,264.6 1 0
github.com/vic-sdd/vic/internal/deps/deps.go:270.2,271.28 2 0
github.com/vic-sdd/vic/internal/deps/deps.go:271.28,273.3 1 0
github.com/vic-sdd/vic/internal/deps/deps.go:274.2,275.25 2 0
github.com/vic-sdd/vic/internal/deps/deps.go:275.25,277.3 1 0
github.com/vic-sdd/vic/internal/deps/deps.go:280.2,281.28 2 0
github.com/vic-sdd/vic/internal/deps/deps.go:281.28,283.3 1 0
github.com/vic-sdd/vic/internal/deps/deps.go:286.2,287.22 2 0
github.com/vic-sdd/vic/internal/deps/deps.go:287.22,289.3 1 0
github.com/vic-sdd/vic/internal/deps/deps.go:290.2,290.23 1 0
github.com/vic-sdd/vic/internal/deps/deps.go:290.23,292.3 1 0
github.com/vic-sdd/vic/internal/deps/deps.go:293.2,293.19 1 0
github.com/vic-sdd/vic/internal/deps/deps.go:293.19,295.3 1 0
github.com/vic-sdd/vic/internal/deps/deps.go:296.2,296.21 1 0
github.com/vic-sdd/vic/internal/deps/deps.go:296.21,298.3 1 0
github.com/vic-sdd/vic/internal/deps/deps.go:301.2,302.28 2 0
github.com/vic-sdd/vic/internal/deps/deps.go:302.28,304.3 1 0
github.com/vic-sdd/vic/internal/deps/deps.go:306.2,316.8 1 0
github.com/vic-sdd/vic/internal/deps/deps.go:320.62,325.35 3 0
github.com/vic-sdd/vic/internal/deps/deps.go:325.35,326.41 1 0
github.com/vic-sdd/vic/internal/deps/deps.go:326.41,328.4 1 0
github.com/vic-sdd/vic/internal/deps/deps.go:331.2,331.90 1 0
github.com/vic-sdd/vic/internal/deps/deps.go:331.90,332.17 1 0
github.com/vic-sdd/vic/internal/deps/deps.go:332.17,334.4 1 0
github.com/vic-sdd/vic/internal/deps/deps.go:337.3,344.33 4 0
github.com/vic-sdd/vic/internal/deps/deps.go:344.33,345.54 1 0
github.com/vic-sdd/vic/internal/deps/deps.go:345.54,346.21 1 0
github.com/vic-sdd/vic/internal/deps/deps.go:346.21,348.6 1 0
github.com/vic-sdd/vic/internal/deps/deps.go:349.5,349.15 1 0
github.com/vic-sdd/vic/internal/deps/deps.go:353.3,353.19 1 0
github.com/vic-sdd/vic/internal/deps/deps.go:353.19,359.18 4 0
github.com/vic-sdd/vic/internal/deps/deps.go:359.18,361.5 1 0
github.com/vic-sdd/vic/internal/deps/deps.go:363.4,363.34 1 0
github.com/vic-sdd/vic/internal/deps/deps.go:363.34,364.22 1 0
github.com/vic-sdd/vic/internal/deps/deps.go:364.22,365.14 1 0
github.com/vic-sdd/vic/internal/deps/deps.go:367.5,368.39 2 0
github.com/vic-sdd/vic/internal/deps/deps.go:368.39,369.101 1 0
github.com/vic-sdd/vic/internal/deps/deps.go:369.101,371.26 2 0
github.com/vic-sdd/vic/internal/deps/deps.go:371.26,373.8 1 0
github.com/vic-sdd/vic/internal/deps/deps.go:378.4,378.28 1 0
github.com/vic-sdd/vic/internal/deps/deps.go:378.28,382.26 3 0
github.com/vic-sdd/vic/internal/deps/deps.go:382.26,389.6 1 0
github.com/vic-sdd/vic/internal/deps/deps.go:393.3,393.13 1 0
github.com/vic-sdd/vic/internal/deps/deps.go:396.2,396.21 1 0
github.com/vic-sdd/vic/internal/deps/deps.go:400.64,403.36 2 0
github.com/vic-sdd/vic/internal/deps/deps.go:403.36,405.17 2 0
github.com/vic-sdd/vic/internal/deps/deps.go:405.17,406.12 1 0
github.com/vic-sdd/vic/internal/deps/deps.go:409.3,411.33 3 0
github.com/vic-sdd/vic/internal/deps/deps.go:411.33,412.37 1 0
github.com/vic-sdd/vic/internal/deps/deps.go:412.37,413.17 1 0
github.com/vic-sdd/vic/internal/deps/deps.go:413.17,415.11 2 0
github.com/vic-sdd/vic/internal/deps/deps.go:418.4,418.19 1 0
github.com/vic-sdd/vic/internal/deps/deps.go:418.19,419.10 1 0
github.com/vic-sdd/vic/internal/deps/deps.go:423.3,423.18 1 0
github.com/vic-sdd/vic/internal/deps/deps.go:423.18,427.51 2 0
github.com/vic-sdd/vic/internal/deps/deps.go:427.51,428.33 1 0
github.com/vic-sdd/vic/internal/deps/deps.go:428.33,429.52 1 0
github.com/vic-sdd/vic/internal/deps/deps.go:429.52,431.7 1 0
github.com/vic-sdd/vic/internal/deps/deps.go:435.4,435.47 1 0
github.com/vic-sdd/vic/internal/deps/deps.go:439.2,439.19 1 0
github.com/vic-sdd/vic/internal/deps/deps.go:443.67,448.30 2 0
github.com/vic-sdd/vic/internal/deps/deps.go:448.30,449.80 1 0
github.com/vic-sdd/vic/internal/deps/deps.go:449.80,451.4 1 0
github.com/vic-sdd/vic/internal/deps/deps.go:453.3,453.52 1 0
github.com/vic-sdd/vic/internal/deps/deps.go:453.52,455.4 1 0
github.com/vic-sdd/vic/internal/deps/deps.go:458.2,458.14 1 0
github.com/vic-sdd/vic/internal/deps/deps.go:462.60,477.2 8 0
github.com/vic-sdd/vic/internal/deps/deps.go:480.74,484.40 2 0
github.com/vic-sdd/vic/internal/deps/deps.go:484.40,486.3 1 0
github.com/vic-sdd/vic/internal/deps/deps.go:489.2,489.81 1 0
github.com/vic-sdd/vic/internal/deps/deps.go:489.81,495.39 3 0
github.com/vic-sdd/vic/internal/deps/deps.go:495.39,497.4 1 0
github.com/vic-sdd/vic/internal/deps/deps.go:500.3,500.7 1 0
github.com/vic-sdd/vic/internal/deps/deps.go:500.7,502.42 2 0
github.com/vic-sdd/vic/internal/deps/deps.go:502.42,503.10 1 0
github.com/vic-sdd/vic/internal/deps/deps.go:505.4,506.40 2 0
github.com/vic-sdd/vic/internal/deps/deps.go:506.40,508.5 1 0
github.com/vic-sdd/vic/internal/deps/deps.go:513.2,513.51 1 0
github.com/vic-sdd/vic/internal/deps/deps.go:513.51,516.3 2 0
github.com/vic-sdd/vic/internal/deps/deps.go:518.2,518.11 1 0
github.com/vic-sdd/vic/internal/deps/deps.go:522.42,523.9 1 0
github.com/vic-sdd/vic/internal/deps/deps.go:524.39,525.18 1 0
github.com/vic-sdd/vic/internal/deps/deps.go:526.43,527.18 1 0
github.com/vic-sdd/vic/internal/deps/deps.go:528.44,529.19 1 0
github.com/vic-sdd/vic/internal/deps/deps.go:530.39,531.19 1 0
github.com/vic-sdd/vic/internal/deps/deps.go:532.39,533.19 1 0
github.com/vic-sdd/vic/internal/deps/deps.go:534.39,535.19 1 0
github.com/vic-sdd/vic/internal/deps/deps.go:536.44,537.19 1 0
github.com/vic-sdd/vic/internal/deps/deps.go:538.10,539.19 1 0
github.com/vic-sdd/vic/internal/deps/deps.go:544.46,545.26 1 0
github.com/vic-sdd/vic/internal/deps/deps.go:545.26,546.13 1 0
github.com/vic-sdd/vic/internal/deps/deps.go:546.13,548.4 1 0
github.com/vic-sdd/vic/internal/deps/deps.go:550.2,550.14 1 0
github.com/vic-sdd/vic/internal/deps/deps.go:554.49,556.47 2 0
github.com/vic-sdd/vic/internal/deps/deps.go:556.47,558.3 1 0
github.com/vic-sdd/vic/internal/deps/deps.go:560.2,561.16 2 0
github.com/vic-sdd/vic/internal/deps/deps.go:561.16,563.3 1 0
github.com/vic-sdd/vic/internal/deps/deps.go:565.2,565.39 1 0
github.com/vic-sdd/vic/internal/deps/deps.go:569.55,582.34 10 0
github.com/vic-sdd/vic/internal/deps/deps.go:582.34,584.41 2 0
github.com/vic-sdd/vic/internal/deps/deps.go:584.41,586.4 1 0
github.com/vic-sdd/vic/internal/deps/deps.go:589.2,590.30 2 0
github.com/vic-sdd/vic/internal/deps/deps.go:590.30,593.23 3 0
github.com/vic-sdd/vic/internal/deps/deps.go:593.23,595.4 1 0
github.com/vic-sdd/vic/internal/deps/deps.go:596.3,596.27 1 0
github.com/vic-sdd/vic/internal/deps/deps.go:596.27,598.36 2 0
github.com/vic-sdd/vic/internal/deps/deps.go:598.36,600.5 1 0
github.com/vic-sdd/vic/internal/deps/deps.go:602.3,602.26 1 0
github.com/vic-sdd/vic/internal/deps/deps.go:602.26,604.38 2 0
github.com/vic-sdd/vic/internal/deps/deps.go:604.38,606.5 1 0
github.com/vic-sdd/vic/internal/deps/deps.go:610.2,614.34 5 0
github.com/vic-sdd/vic/internal/deps/deps.go:614.34,616.41 2 0
github.com/vic-sdd/vic/internal/deps/deps.go:616.41,618.4 1 0
github.com/vic-sdd/vic/internal/deps/deps.go:621.2,621.33 1 0
github.com/vic-sdd/vic/internal/deps/deps.go:629.53,631.16 2 0
github.com/vic-sdd/vic/internal/deps/deps.go:631.16,633.3 1 0
github.com/vic-sdd/vic/internal/deps/deps.go:636.2,656.54 2 0
github.com/vic-sdd/vic/internal/deps/deps.go:656.54,658.3 1 0
github.com/vic-sdd/vic/internal/deps/deps.go:661.2,662.38 2 0
github.com/vic-sdd/vic/internal/deps/deps.go:662.38,670.3 1 0
github.com/vic-sdd/vic/internal/deps/deps.go:672.2,682.8 1 0
github.com/vic-sdd/vic/internal/deps/deps.go:694.58,698.30 3 0
github.com/vic-sdd/vic/internal/deps/deps.go:698.30,699.57 1 0
github.com/vic-sdd/vic/internal/deps/deps.go:699.57,701.4 1 0
github.com/vic-sdd/vic/internal/deps/deps.go:704.2,704.16 1 0
github.com/vic-sdd/vic/internal/deps/deps.go:708.56,709.30 1 0
github.com/vic-sdd/vic/internal/deps/deps.go:709.30,710.21 1 0
github.com/vic-sdd/vic/internal/deps/deps.go:710.21,712.4 1 0
github.com/vic-sdd/vic/internal/deps/deps.go:714.2,714.12 1 0
github.com/vic-sdd/vic/internal/deps/deps.go:718.62,720.19 2 0
github.com/vic-sdd/vic/internal/deps/deps.go:720.19,722.3 1 0
github.com/vic-sdd/vic/internal/deps/deps.go:725.2,726.30 2 0
github.com/vic-sdd/vic/internal/deps/deps.go:726.30,728.3 1 0
github.com/vic-sdd/vic/internal/deps/deps.go:731.2,732.36 2 0
github.com/vic-sdd/vic/internal/deps/deps.go:732.36,733.41 1 0
github.com/vic-sdd/vic/internal/deps/deps.go:733.41,735.4 1 0
github.com/vic-sdd/vic/internal/deps/deps.go:739.2,744.21 5 0
github.com/vic-sdd/vic/internal/deps/deps.go:744.21,748.22 3 0
github.com/vic-sdd/vic/internal/deps/deps.go:748.22,749.12 1 0
github.com/vic-sdd/vic/internal/deps/deps.go:751.3,753.37 2 0
github.com/vic-sdd/vic/internal/deps/deps.go:753.37,754.33 1 0
github.com/vic-sdd/vic/internal/deps/deps.go:754.33,755.102 1 0
github.com/vic-sdd/vic/internal/deps/deps.go:755.102,758.6 2 0
github.com/vic-sdd/vic/internal/deps/deps.go:764.2,765.39 2 0
github.com/vic-sdd/vic/internal/deps/deps.go:765.39,766.38 1 0
github.com/vic-sdd/vic/internal/deps/deps.go:766.38,768.4 1 0
github.com/vic-sdd/vic/internal/deps/deps.go:771.2,776.3 1 0
github.com/vic-sdd/vic/internal/types/aislop.go:50.46,161.2 1 0
github.com/vic-sdd/vic/internal/types/aislop.go:164.48,165.26 1 0
github.com/vic-sdd/vic/internal/types/aislop.go:165.26,167.3 1 0
github.com/vic-sdd/vic/internal/types/aislop.go:169.2,172.45 3 0
github.com/vic-sdd/vic/internal/types/aislop.go:172.45,174.3 1 0
github.com/vic-sdd/vic/internal/types/aislop.go:175.2,175.45 1 0
github.com/vic-sdd/vic/internal/types/aislop.go:175.45,177.3 1 0
github.com/vic-sdd/vic/internal/types/aislop.go:178.2,178.49 1 0
github.com/vic-sdd/vic/internal/types/aislop.go:178.49,180.3 1 0
github.com/vic-sdd/vic/internal/types/aislop.go:181.2,181.48 1 0
github.com/vic-sdd/vic/internal/types/aislop.go:181.48,183.3 1 0
github.com/vic-sdd/vic/internal/types/aislop.go:184.2,184.12 1 0
github.com/vic-sdd/vic/internal/types/types.go:20.36,21.34 1 0
github.com/vic-sdd/vic/internal/types/types.go:21.34,22.47 1 0
github.com/vic-sdd/vic/internal/types/types.go:22.47,24.4 1 0
github.com/vic-sdd/vic/internal/types/types.go:27.2,28.55 2 0
github.com/vic-sdd/vic/internal/types/types.go:28.55,30.3 1 0
github.com/vic-sdd/vic/internal/types/types.go:31.2,31.20 1 0
github.com/vic-sdd/vic/internal/types/types.go:52.61,54.41 2 0
github.com/vic-sdd/vic/internal/types/types.go:54.41,56.3 1 0
github.com/vic-sdd/vic/internal/types/types.go:57.2,58.12 2 0
github.com/vic-sdd/vic/internal/utils/file.go:17.46,20.16 3 0
github.com/vic-sdd/vic/internal/utils/file.go:20.16,21.25 1 0
github.com/vic-sdd/vic/internal/utils/file.go:21.25,23.4 1 0
github.com/vic-sdd/vic/internal/utils/file.go:24.3,24.60 1 0
github.com/vic-sdd/vic/internal/utils/file.go:27.2,27.54 1 0
github.com/vic-sdd/vic/internal/utils/file.go:27.54,29.3 1 0
github.com/vic-sdd/vic/internal/utils/file.go:31.2,31.20 1 0
github.com/vic-sdd/vic/internal/utils/file.go:35.52,38.47 2 0
github.com/vic-sdd/vic/internal/utils/file.go:38.47,40.3 1 0
github.com/vic-sdd/vic/internal/utils/file.go:43.2,44.16 2 0
github.com/vic-sdd/vic/internal/utils/file.go:44.16,46.3 1 0
github.com/vic-sdd/vic/internal/utils/file.go:48.2,48.52 1 0
github.com/vic-sdd/vic/internal/utils/file.go:48.52,50.3 1 0
github.com/vic-sdd/vic/internal/utils/file.go:52.2,52.12 1 0
github.com/vic-sdd/vic/internal/utils/file.go:56.35,57.38 1 0
github.com/vic-sdd/vic/internal/utils/file.go:57.38,58.40 1 0
github.com/vic-sdd/vic/internal/utils/file.go:58.40,60.4 1 0
github.com/vic-sdd/vic/internal/utils/file.go:62.2,62.13 1 0
github.com/vic-sdd/vic/internal/utils/file.go:66.63,68.2 1 0
github.com/vic-sdd/vic/internal/utils/file.go:71.68,73.2 1 0
github.com/vic-sdd/vic/internal/utils/file.go:76.73,79.63 2 0
github.com/vic-sdd/vic/internal/utils/file.go:79.63,81.3 1 0
github.com/vic-sdd/vic/internal/utils/file.go:82.2,82.21 1 0
github.com/vic-sdd/vic/internal/utils/file.go:86.79,88.2 1 0
github.com/vic-sdd/vic/internal/utils/file.go:91.69,93.2 1 0
github.com/vic-sdd/vic/internal/utils/file.go:96.73,98.2 1 0
github.com/vic-sdd/vic/internal/utils/file.go:101.61,103.2 1 0
github.com/vic-sdd/vic/internal/utils/file.go:106.65,108.2 1 0
github.com/vic-sdd/vic/internal/utils/file.go:111.35,114.2 2 0
github.com/vic-sdd/vic/internal/utils/file.go:117.45,118.22 1 0
github.com/vic-sdd/vic/internal/utils/file.go:118.22,120.3 1 0
github.com/vic-sdd/vic/internal/utils/file.go:121.2,121.50 1 0
github.com/vic-sdd/vic/internal/utils/yaml.go:53.65,58.19 3 0
github.com/vic-sdd/vic/internal/utils/yaml.go:58.19,62.6 1 0
github.com/vic-sdd/vic/internal/utils/yaml.go:64.5,88.19 3 0
github.com/vic-sdd/vic/internal/utils/yaml.go:88.19,91.6 2 0
github.com/vic-sdd/vic/internal/utils/yaml.go:93.5,99.92 2 0
github.com/vic-sdd/vic/internal/utils/yaml.go:99.92,101.6 1 0
github.com/vic-sdd/vic/internal/utils/yaml.go:116.56,122.84 2 0
github.com/vic-sdd/vic/internal/utils/yaml.go:122.84,124.3 1 0
github.com/vic-sdd/vic/internal/utils/yaml.go:125.2,125.12 1 0
github.com/vic-sdd/vic/internal/utils/yaml.go:129.68,132.31 2 0
github.com/vic-sdd/vic/internal/utils/yaml.go:132.31,141.6 1 0
github.com/vic-sdd/vic/internal/utils/yaml.go:143.5,144.19 2 0
github.com/vic-sdd/vic/internal/utils/yaml.go:144.19,146.6 1 0
github.com/vic-sdd/vic/internal/utils/yaml.go:148.5,149.56 2 0
github.com/vic-sdd/vic/internal/utils/yaml.go:149.56,151.6 1 0
github.com/vic-sdd/vic/internal/utils/yaml.go:153.5,153.23 1 0
github.com/vic-sdd/vic/internal/utils/yaml.go:157.72,162.31 3 0
github.com/vic-sdd/vic/internal/utils/yaml.go:162.31,163.60 1 0
github.com/vic-sdd/vic/internal/utils/yaml.go:163.60,165.10 1 0
github.com/vic-sdd/vic/internal/utils/yaml.go:168.5,169.19 2 0
github.com/vic-sdd/vic/internal/utils/yaml.go:169.19,171.6 1 0
github.com/vic-sdd/vic/internal/utils/yaml.go:173.5,178.82 2 0
github.com/vic-sdd/vic/internal/utils/yaml.go:178.82,180.6 1 0
github.com/vic-sdd/vic/internal/utils/yaml.go:182.5,182.15 1 0
github.com/vic-sdd/vic/internal/utils/yaml.go:186.72,189.30 2 0
github.com/vic-sdd/vic/internal/utils/yaml.go:189.30,201.6 1 0
github.com/vic-sdd/vic/internal/utils/yaml.go:203.5,204.19 2 0
github.com/vic-sdd/vic/internal/utils/yaml.go:204.19,206.6 1 0
github.com/vic-sdd/vic/internal/utils/yaml.go:208.5,211.59 2 0
github.com/vic-sdd/vic/internal/utils/yaml.go:211.59,213.6 1 0
github.com/vic-sdd/vic/internal/utils/yaml.go:215.5,215.31 1 0
github.com/vic-sdd/vic/internal/utils/yaml.go:219.76,224.31 3 0
github.com/vic-sdd/vic/internal/utils/yaml.go:224.31,225.60 1 0
github.com/vic-sdd/vic/internal/utils/yaml.go:225.60,227.10 1 0
github.com/vic-sdd/vic/internal/utils/yaml.go:230.5,235.19 3 0
github.com/vic-sdd/vic/internal/utils/yaml.go:235.19,237.6 1 0
github.com/vic-sdd/vic/internal/utils/yaml.go:239.5,244.85 2 0
github.com/vic-sdd/vic/internal/utils/yaml.go:244.85,246.6 1 0
github.com/vic-sdd/vic/internal/utils/yaml.go:248.5,248.15 1 0
